COMPARE_PPM_BD - Compare BD and PPM catalogs.
Made in 2024 by Daniel Severin.
Star already corrected (BD 19°2041)
Star already corrected (BD 19°2856)
Star already corrected (BD 19°3508)
Star already corrected (BD 19°4908)
Star already corrected (BD 18°2679)
Star already corrected (BD 17°88)
Star already corrected (BD 17°4368)
Star already corrected (BD 16°409)
Star already corrected (BD 16°588)
Star already corrected (BD 16°4193)
Star already corrected (BD 16°4290)
Star already corrected (BD 16°4458)
Star already corrected (BD 16°4921)
Star already corrected (BD 15°613)
Star already corrected (BD 15°622)
Star already corrected (BD 15°4392)
Star already corrected (BD 15°4395)
Star already corrected (BD 14°2850)
Star already corrected (BD 14°3726)
Star already corrected (BD 14°3727)
Star already corrected (BD 13°4688)
Star already corrected (BD 13°5168)
Star already corrected (BD 12°3382)
Star already corrected (BD 10°402)
Star already corrected (BD 10°2494)
Star already corrected (BD 10°3787)
Star already corrected (BD 9°852)
Star already corrected (BD 9°856)
Star already corrected (BD 9°4813)
Star already corrected (BD 9°5059)
Star already corrected (BD 8°492)
Star already corrected (BD 8°1414)
Star already corrected (BD 8°1417)
Star already corrected (BD 8°2631)
Star already corrected (BD 8°2632)
Star already corrected (BD 8°3411)
Star already corrected (BD 7°3199)
Star already corrected (BD 7°3209)
Star already corrected (BD 5°3883)
Star already corrected (BD 5°3897)
Star already corrected (BD 4°2061)
Star already corrected (BD 4°2290)
Star already corrected (BD 4°4993)
Star already corrected (BD 3°53)
Star already corrected (BD 3°1471)
Star already corrected (BD 3°1726)
Star already corrected (BD 3°3085)
Star already corrected (BD 2°2556)
Star already corrected (BD 2°4448)
Star already corrected (BD 1°1564)
Star already corrected (BD 1°2129)
Star already corrected (BD 0°1010)
Star already corrected (BD 0°1236)
Star already corrected (BD 0°3946)
Star already corrected (BD -1°3364)
Star already corrected (BD -1°4185)
Star already corrected (BD -1°4186)
Stars read from Bonner Durchmusterung: 111179
Star BD +17°88 not found (corresponding to PPM 116697). Discarding PPM star.
Star BD +10°402 not found (corresponding to PPM 118757). Discarding PPM star.
Star BD +10°402 not found (corresponding to PPM 118758). Discarding PPM star.
Star BD +12°1926 not found (corresponding to PPM 125829). Discarding PPM star.
Star BD +10°2494 not found (corresponding to PPM 129489). Discarding PPM star.
Star BD +19°3508 not found (corresponding to PPM 134177). Discarding PPM star.
Star BD +14°3726 not found (corresponding to PPM 135543). Discarding PPM star.
Star BD +14°3727 not found (corresponding to PPM 135549). Discarding PPM star.
Star BD +10°3787 not found (corresponding to PPM 135805). Discarding PPM star.
Star BD +18°4290 not found (corresponding to PPM 137175). Discarding PPM star.
Star BD +16°4290 not found (corresponding to PPM 138552). Discarding PPM star.
Star BD +17°4475 not found (corresponding to PPM 139371). Discarding PPM star.
Star BD +17°4475 not found (corresponding to PPM 139373). Discarding PPM star.
Star BD +15°4392 not found (corresponding to PPM 139970). Discarding PPM star.
Star BD +13°4688 not found (corresponding to PPM 140046). Discarding PPM star.
Star BD +9°4813 not found (corresponding to PPM 140144). Discarding PPM star.
Star BD +13°5055 not found (corresponding to PPM 142175). Discarding PPM star.
Star BD +13°5055 not found (corresponding to PPM 142177). Discarding PPM star.
Star BD +13°5168 not found (corresponding to PPM 142822). Discarding PPM star.
Star BD +8°492 not found (corresponding to PPM 146439). Discarding PPM star.
Star BD +0°1010 not found (corresponding to PPM 148754). Discarding PPM star.
Star BD +9°856 not found (corresponding to PPM 149073). Discarding PPM star.
Star BD +0°1177 not found (corresponding to PPM 149435). Discarding PPM star.
Star BD +0°1177 not found (corresponding to PPM 149436). Discarding PPM star.
Star BD +7°1055 not found (corresponding to PPM 149643). Discarding PPM star.
Star BD +8°1417 not found (corresponding to PPM 150873). Discarding PPM star.
Star BD +1°1564 not found (corresponding to PPM 151423). Discarding PPM star.
Star BD +3°1471 not found (corresponding to PPM 151581). Discarding PPM star.
Star BD +3°1471 not found (corresponding to PPM 151582). Discarding PPM star.
Star BD +3°1471 not found (corresponding to PPM 151585). Discarding PPM star.
Star BD +1°2129 not found (corresponding to PPM 154667). Discarding PPM star.
Star BD +2°2556 not found (corresponding to PPM 158990). Discarding PPM star.
Star BD +8°2632 not found (corresponding to PPM 159085). Discarding PPM star.
Star BD +8°2631 not found (corresponding to PPM 159088). Discarding PPM star.
Star BD +7°3209 not found (corresponding to PPM 162868). Discarding PPM star.
Star BD +8°3411 not found (corresponding to PPM 163998). Discarding PPM star.
Star BD +6°3649 not found (corresponding to PPM 165362). Discarding PPM star.
Star BD -0°3946 not found (corresponding to PPM 169607). Discarding PPM star.
Star BD +2°4448 not found (corresponding to PPM 172461). Discarding PPM star.
Star BD +4°4993 not found (corresponding to PPM 173967). Discarding PPM star.
Star BD -0°2518 not found (corresponding to PPM 178653). Discarding PPM star.
Star BD -0°2518 not found (corresponding to PPM 178654). Discarding PPM star.
Star BD -1°3245 not found (corresponding to PPM 179921). Discarding PPM star.
Star BD -1°4186 not found (corresponding to PPM 181315). Discarding PPM star.
Star BD -1°4185 not found (corresponding to PPM 181316). Discarding PPM star.
Star BD +0°1236 not found (corresponding to PPM 700275). Discarding PPM star.
Stars read from PPM: 63931
1) BD +17°5026 separated from PPM 116071 in 300.9 arcsec.
     Register BD +17°5026 (en 23h):  9.5 | 54m56.4s | 30.6'     (pag. 343)
   Neighbors:
     Register BD +17°5025 (en 23h):  9.5 | 54m32.2s | 56.8'     (pag. 343)
     Register BD +17°5027 (en 23h):  8.4 | 55m8.4s | 52.8'     (pag. 343)
2) BD +15°259 separated from PPM 117652 in 224.7 arcsec.
     Register BD +15°259 (en 1h):  9.5 | 38m21.1s | 36.5'     (pag. 293)
   Neighbors:
     Register BD +15°258 (en 1h):  9.5 | 38m9.3s | 57.9'     (pag. 293)
     Register BD +15°260 (en 1h):  9.3 | 38m46.1s | 50.2'     (pag. 293)
3) BD +17°893 separated from PPM 120819 in 197.2 arcsec.
     Register BD +17°893 (en 5h):  9.5 | 10m30.7s | 38.5'     (pag. 329)
   Neighbors:
     Register BD +17°892 (en 5h):  9.3 | 10m30.5s | 52.5'     (pag. 329)
     Register BD +17°894 (en 5h):  9.3 | 11m1.5s | 24.4'     (pag. 329)
4) BD +11°857 separated from PPM 121122 in 247.7 arcsec.
     Register BD +11°857 (en 5h):  9.3 | 26m12.6s | 32.8'     (pag. 225)
   Neighbors:
     Register BD +11°856 (en 5h):  8.9 | 26m11.7s | 53.2'     (pag. 225)
     Register BD +11°858 (en 5h):  9.5 | 26m26.0s | 1.0'     (pag. 225)
5) BD +11°1921 separated from PPM 125787 in 228.1 arcsec.
     Register BD +11°1921 (en 8h):  9.5 | 41m53.9s | 37.7'     (pag. 229)
   Neighbors:
     Register BD +11°1920 (en 8h):  9.3 | 41m53.1s | 57.7'     (pag. 229)
     Register BD +11°1922 (en 8h):  8.7 | 41m59.6s | 47.7'     (pag. 229)
6) BD +13°2074 separated from PPM 126363 in 865.3 arcsec.
     Register BD +13°2074 (en 9h):  7.0 | 12m23.8s | 43.2'     (pag. 264)
   Neighbors:
     Register BD +13°2073 (en 9h):  9.5 | 12m0.3s | 11.3'     (pag. 264)
     Register BD +13°2075 (en 9h):  9.5 | 12m30.2s | 12.3'     (pag. 264)
7) BD +12°2132 separated from PPM 127043 in 337.0 arcsec.
     Register BD +12°2132 (en 9h):  8.0 | 54m8.4s | 50.9'     (pag. 247)
   Neighbors:
     Register BD +12°2131 (en 9h):  9.0 | 52m43.7s | 29.8'     (pag. 247)
     Register BD +12°2133 (en 9h):  9.5 | 54m43.6s | 41.3'     (pag. 247)
8) BD +12°2223 separated from PPM 127501 (PROBLEM) in 182.0 arcsec.
     Register BD +12°2223 (en 10h):  9.5 | 25m39.1s | 19.4'     (pag. 247)
   Neighbors:
     Register BD +12°2222 (en 10h):  9.2 | 25m23.0s | 45.1'     (pag. 247)
     Register BD +12°2224 (en 10h):  9.5 | 25m51.3s | 4.5'     (pag. 247)
9) BD +17°2657 separated from PPM 129982 in 904.4 arcsec.
     Register BD +17°2657 (en 13h):  9.5 | 33m38.1s | 3.0'     (pag. 335)
   Neighbors:
     Register BD +17°2656 (en 13h):  9.5 | 32m50.0s | 47.8'     (pag. 335)
     Register BD +17°2658 (en 13h):  9.5 | 34m7.1s | 8.0'     (pag. 335)
10) BD +11°2749 separated from PPM 131031 in 187.1 arcsec.
     Register BD +11°2749 (en 14h):  9.5 | 51m55.0s | 58.7'     (pag. 231)
   Neighbors:
     Register BD +11°2748 (en 14h):  9.5 | 50m38.7s | 13.7'     (pag. 231)
     Register BD +11°2750 (en 14h):  9.5 | 52m36.7s | 1.2'     (pag. 231)
11) BD +15°2819 separated from PPM 131156 in 198.3 arcsec.
     Register BD +15°2819 (en 15h):  9.0 | 1m8.0s | 34.4'     (pag. 301)
   Neighbors:
     Register BD +15°2818 (en 14h):  9.3 | 59m28.2s | 55.9'     (pag. 301)
     Register BD +15°2820 (en 15h):  9.5 | 1m11.5s | 40.2'     (pag. 301)
12) BD +12°3255 separated from PPM 133583 in 191.5 arcsec.
     Register BD +12°3255 (en 17h):  9.4 | 28m55.4s | 39.5'     (pag. 250)
   Neighbors:
     Register BD +12°3254 (en 17h):  9.5 | 28m53.9s | 18.9'     (pag. 250)
     Register BD +12°3256 (en 17h):  7.0 | 29m6.7s | 8.0'     (pag. 250)
13) BD +10°3556 separated from PPM 134886 in 182.3 arcsec.
     Register BD +10°3556 (en 18h):  9.5 | 26m21.6s | 6.9'     (pag. 217)
   Neighbors:
     Register BD +10°3555 (en 18h):  9.5 | 26m19.3s | 44.2'     (pag. 217)
     Register BD +10°3557 (en 18h):  9.5 | 26m41.7s | 33.8'     (pag. 217)
14) BD +12°3695 separated from PPM 135403 (PROBLEM) in 182.2 arcsec.
     Register BD +12°3695 (en 18h):  9.5 | 46m2.0s | 20.3'     (pag. 252)
   Neighbors:
     Register BD +12°3694 (en 18h):  8.0 | 45m34.3s | 18.6'     (pag. 252)
     Register BD +12°3696 (en 18h):  8.6 | 46m2.1s | 24.0'     (pag. 252)
15) BD +17°4041 separated from PPM 136738 in 184.6 arcsec.
     Register BD +17°4041 (en 19h):  9.5 | 33m35.9s | 5.4'     (pag. 339)
   Neighbors:
     Register BD +17°4040 (en 19h):  9.3 | 33m35.2s | 22.1'     (pag. 339)
     Register BD +17°4042 (en 19h):  4.3 | 33m37.2s | 41.6'     (pag. 339)
16) BD +15°3907 separated from PPM 136813 in 194.6 arcsec.
     Register BD +15°3907 (en 19h):  9.5 | 35m41.1s | 5.0'     (pag. 305)
   Neighbors:
     Register BD +15°3906 (en 19h):  9.0 | 35m31.3s | 12.2'     (pag. 305)
     Register BD +15°3908 (en 19h):  9.5 | 35m47.6s | 22.5'     (pag. 305)
17) BD +10°4164 separated from PPM 137539 in 249.5 arcsec.
     Register BD +10°4164 (en 19h):  9.4 | 57m2.5s | 7.9'     (pag. 219)
   Neighbors:
     Register BD +10°4163 (en 19h):  9.3 | 56m55.0s | 5.2'     (pag. 219)
     Register BD +10°4165 (en 19h):  8.0 | 57m6.2s | 16.7'     (pag. 219)
18) BD +13°4315 separated from PPM 137919 in 237.6 arcsec.
     Register BD +13°4315 (en 20h):  9.4 | 6m56.6s | 34.3'     (pag. 271)
   Neighbors:
     Register BD +13°4314 (en 20h):  8.9 | 6m41.8s | 5.0'     (pag. 271)
     Register BD +13°4316 (en 20h):  9.4 | 7m1.8s | 20.8'     (pag. 271)
19) BD +12°4447 separated from PPM 138916 in 209.0 arcsec.
     Register BD +12°4447 (en 20h):  9.3 | 37m5.9s | 2.9'     (pag. 254)
   Neighbors:
     Register BD +12°4446 (en 20h):  9.5 | 36m50.6s | 45.5'     (pag. 254)
     Register BD +12°4448 (en 20h):  9.4 | 37m24.4s | 4.1'     (pag. 254)
20) BD +15°4389 separated from PPM 139931 in 572.2 arcsec.
     Register BD +15°4389 (en 21h):  9.5 | 12m34.7s | 8.9'     (pag. 307)
   Neighbors:
     Register BD +15°4388 (en 21h):  9.0 | 11m54.8s | 42.3'     (pag. 307)
     Register BD +15°4390 (en 21h):  9.5 | 12m38.5s | 53.4'     (pag. 307)
21) BD +17°4605 separated from PPM 140322 in 209.0 arcsec.
     Register BD +17°4605 (en 21h):  9.5 | 27m44.0s | 3.4'     (pag. 341)
   Neighbors:
     Register BD +17°4604 (en 21h):  9.2 | 27m37.2s | 40.2'     (pag. 341)
     Register BD +17°4606 (en 21h):  7.2 | 27m59.4s | 41.9'     (pag. 341)
22) BD +10°4616 separated from PPM 140581 in 209.1 arcsec.
     Register BD +10°4616 (en 21h):  9.5 | 37m54.1s | 41.2'     (pag. 221)
   Neighbors:
     Register BD +10°4615 (en 21h):  9.5 | 37m28.7s | 54.8'     (pag. 221)
     Register BD +10°4617 (en 21h):  9.3 | 37m57.8s | 5.3'     (pag. 221)
23) BD +19°4871 separated from PPM 141127 in 1847.5 arcsec.
     Register BD +19°4871 (en 22h):  9.4 | 3m11.2s | 37.9'     (pag. 377)
   Neighbors:
     Register BD +19°4870 (en 22h):  9.5 | 2m52.9s | 57.7'     (pag. 377)
     Register BD +19°4872 (en 22h):  9.3 | 3m55.9s | 4.6'     (pag. 377)
24) BD +17°4700 separated from PPM 141128 (PROBLEM) in 565.4 arcsec.
     Register BD +17°4700 (en 22h):  9.5 | 3m11.3s | 55.1'     (pag. 342)
   Neighbors:
     Register BD +17°4699 (en 22h):  9.4 | 2m55.5s | 16.5'     (pag. 342)
     Register BD +17°4701 (en 22h):  8.8 | 3m13.8s | 45.2'     (pag. 342)
25) BD +16°4796 separated from PPM 141724 in 901.3 arcsec.
     Register BD +16°4796 (en 22h):  9.5 | 34m44.5s | 22.6'     (pag. 325)
   Neighbors:
     Register BD +16°4795 (en 22h):  9.5 | 34m19.0s | 13.6'     (pag. 325)
     Register BD +16°4797 (en 22h):  9.5 | 34m56.7s | 34.7'     (pag. 325)
26) BD +14°4925 separated from PPM 142147 in 205.5 arcsec.
     Register BD +14°4925 (en 22h):  9.4 | 56m59.1s | 31.8'     (pag. 291)
   Neighbors:
     Register BD +14°4924 (en 22h):  9.0 | 55m39.7s | 29.6'     (pag. 291)
     Register BD +14°4926 (en 22h):  2.0 | 57m33.7s | 27.0'     (pag. 291)
27) BD +11°5006 separated from PPM 142538 in 191.5 arcsec.
     Register BD +11°5006 (en 23h):  9.5 | 21m5.0s | 49.0'     (pag. 239)
   Neighbors:
     Register BD +11°5005 (en 23h):  9.5 | 20m42.2s | 0.6'     (pag. 239)
     Register BD +11°5007 (en 23h):  8.9 | 21m18.6s | 8.8'     (pag. 239)
28) BD +6°151 separated from PPM 144218 in 239.6 arcsec.
     Register BD +6°151 (en 0h):  9.5 | 56m14.4s | 32.4'     (pag. 134)
   Neighbors:
     Register BD +6°150 (en 0h):  9.3 | 56m6.8s | 52.0'     (pag. 134)
     Register BD +6°152 (en 0h):  9.2 | 56m18.9s | 27.7'     (pag. 134)
29) BD +1°410 separated from PPM 145462 in 438.6 arcsec.
     Register BD +1°410 (en 2h):  5.8 | 10m0.4s | 4.0'     (pag. 50)
   Neighbors:
     Register BD +1°409 (en 2h):  9.5 | 10m20.1s | 42.2'     (pag. 50)
     Register BD +1°411 (en 2h):  9.3 | 11m19.1s | 16.4'     (pag. 50)
30) BD +4°416 separated from PPM 145735 in 183.3 arcsec.
     Register BD +4°416 (en 2h):  9.3 | 28m2.8s | 28.2'     (pag. 100)
   Neighbors:
     Register BD +4°415 (en 2h):  9.3 | 27m2.2s | 50.6'     (pag. 100)
     Register BD +4°417 (en 2h):  9.5 | 28m14.2s | 3.1'     (pag. 100)
31) BD +4°538 separated from PPM 146584 in 184.6 arcsec.
     Register BD +4°538 (en 3h):  9.5 | 20m2.0s | 25.8'     (pag. 100)
   Neighbors:
     Register BD +4°537 (en 3h):  9.5 | 19m35.7s | 1.0'     (pag. 100)
     Register BD +4°539 (en 3h):  9.2 | 20m42.0s | 53.4'     (pag. 100)
32) BD +0°1108 separated from PPM 149109 in 211.0 arcsec.
     Register BD +0°1108 (en 5h):  8.9 | 25m1.7s | 58.3'     (pag. 35)
   Neighbors:
     Register BD +0°1107 (en 5h):  9.4 | 24m45.5s | 41.1'     (pag. 35)
     Register BD +0°1109 (en 5h):  9.5 | 25m1.8s | 23.6'     (pag. 35)
33) BD +4°1318 separated from PPM 150758 in 1179.8 arcsec.
     Register BD +4°1318 (en 6h):  8.5 | 26m10.1s | 57.5'     (pag. 103)
   Neighbors:
     Register BD +4°1317 (en 6h):  9.4 | 26m2.4s | 52.1'     (pag. 103)
     Register BD +4°1319 (en 6h):  8.7 | 26m13.5s | 46.3'     (pag. 103)
34) BD +3°1374 separated from PPM 151128 (PROBLEM) in 303.5 arcsec.
     Register BD +3°1374 (en 6h):  8.9 | 36m14.3s | 30.6'     (pag. 86)
   Neighbors:
     Register BD +3°1373 (en 6h):  9.5 | 36m11.8s | 39.8'     (pag. 86)
     Register BD +3°1375 (en 6h):  9.5 | 36m22.1s | 7.6'     (pag. 86)
     Note: Also associated to discarded PPM 151126 (dist = 313.2 arcsec).
35) BD +2°1367 separated from PPM 151138 in 274.9 arcsec.
     Register BD +2°1367 (en 6h):  9.0 | 36m26.7s | 50.9'     (pag. 70)
   Neighbors:
     Register BD +2°1366 (en 6h):  9.5 | 36m7.5s | 24.2'     (pag. 70)
     Register BD +2°1368 (en 6h):  9.4 | 36m28.9s | 5.4'     (pag. 70)
36) BD +6°1439 separated from PPM 151541 in 1164.4 arcsec.
     Register BD +6°1439 (en 6h):  9.3 | 47m43.0s | 42.2'     (pag. 139)
   Neighbors:
     Register BD +6°1438 (en 6h):  9.2 | 47m41.5s | 27.5'     (pag. 139)
     Register BD +6°1440 (en 6h):  9.1 | 47m57.2s | 23.4'     (pag. 139)
37) BD +5°1481 separated from PPM 151561 in 226.3 arcsec.
     Register BD +5°1481 (en 6h):  9.5 | 48m35.4s | 23.5'     (pag. 121)
   Neighbors:
     Register BD +5°1480 (en 6h):  9.0 | 48m34.5s | 11.8'     (pag. 121)
     Register BD +5°1482 (en 6h):  9.5 | 48m48.0s | 7.1'     (pag. 121)
38) BD +4°1671 separated from PPM 152462 in 212.0 arcsec.
     Register BD +4°1671 (en 7h):  9.4 | 13m51.5s | 21.8'     (pag. 104)
   Neighbors:
     Register BD +4°1670 (en 7h):  8.7 | 13m34.1s | 33.2'     (pag. 104)
     Register BD +4°1672 (en 7h):  9.4 | 13m56.2s | 59.6'     (pag. 104)
39) BD +8°1757 separated from PPM 152571 (PROBLEM) in 234.5 arcsec.
     Register BD +8°1757 (en 7h):  9.5 | 16m26.9s | 35.4'     (pag. 175)
   Neighbors:
     Register BD +8°1756 (en 7h):  8.5 | 16m18.1s | 25.7'     (pag. 175)
     Register BD +8°1758 (en 7h):  8.5 | 16m27.2s | 10.0'     (pag. 175)
40) BD +8°1825 separated from PPM 153008 in 205.0 arcsec.
     Register BD +8°1825 (en 7h):  9.5 | 29m34.7s | 34.7'     (pag. 175)
   Neighbors:
     Register BD +8°1824 (en 7h):  9.5 | 29m23.1s | 4.8'     (pag. 175)
     Register BD +8°1826 (en 7h):  9.0 | 29m51.7s | 29.4'     (pag. 175)
41) BD +2°1758 separated from PPM 153209 in 187.2 arcsec.
     Register BD +2°1758 (en 7h):  9.6 | 36m12.3s | 45.6'     (pag. 71)
   Neighbors:
     Register BD +2°1758 (en 7h):  9.0 | 35m39.9s | 12.5'     (pag. 71)
     Register BD +2°1759 (en 7h):  9.4 | 36m14.0s | 10.3'     (pag. 71)
42) BD +0°2151 separated from PPM 153697 in 208.0 arcsec.
     Register BD +0°2151 (en 7h):  9.5 | 52m30.0s | 53.6'     (pag. 39)
   Neighbors:
     Register BD +0°2150 (en 7h):  9.0 | 52m22.3s | 51.7'     (pag. 39)
     Register BD +0°2152 (en 7h):  9.4 | 52m30.0s | 57.1'     (pag. 39)
43) BD +8°2038 separated from PPM 154351 in 184.1 arcsec.
     Register BD +8°2038 (en 8h):  9.3 | 14m17.0s | 16.8'     (pag. 176)
   Neighbors:
     Register BD +8°2037 (en 8h):  8.6 | 14m16.2s | 6.0'     (pag. 176)
     Register BD +8°2039 (en 8h):  9.5 | 14m32.9s | 38.6'     (pag. 176)
44) BD +1°2078 separated from PPM 154370 in 596.9 arcsec.
     Register BD +1°2078 (en 8h):  8.8 | 15m13.0s | 39.3'     (pag. 56)
   Neighbors:
     Register BD +1°2077 (en 8h):  9.5 | 14m29.9s | 26.7'     (pag. 56)
     Register BD +1°2079 (en 8h):  8.8 | 15m22.6s | 27.9'     (pag. 56)
45) BD +9°1975 separated from PPM 154500 in 196.8 arcsec.
     Register BD +9°1975 (en 8h):  9.5 | 19m58.5s | 5.1'     (pag. 193)
   Neighbors:
     Register BD +9°1974 (en 8h):  9.5 | 19m57.8s | 2.3'     (pag. 193)
     Register BD +9°1976 (en 8h):  9.4 | 20m0.0s | 42.6'     (pag. 193)
46) BD +6°2229 separated from PPM 156333 in 352.8 arcsec.
     Register BD +6°2229 (en 9h):  9.3 | 48m19.1s | 41.3'     (pag. 141)
   Neighbors:
     Register BD +6°2228 (en 9h):  9.5 | 47m40.2s | 50.6'     (pag. 141)
     Register BD +6°2230 (en 9h):  9.5 | 48m42.5s | 31.2'     (pag. 141)
47) BD +7°2545 separated from PPM 158855 in 192.3 arcsec.
     Register BD +7°2545 (en 12h):  9.2 | 20m2.9s | 36.9'     (pag. 160)
   Neighbors:
     Register BD +7°2544 (en 12h):  8.6 | 19m59.0s | 56.0'     (pag. 160)
     Register BD +7°2546 (en 12h):  9.2 | 20m13.2s | 19.4'     (pag. 160)
48) BD +2°2564 separated from PPM 159058 in 183.0 arcsec.
     Register BD +2°2564 (en 12h):  9.2 | 32m46.4s | 34.6'     (pag. 74)
   Neighbors:
     Register BD +2°2563 (en 12h):  9.5 | 32m25.2s | 39.4'     (pag. 74)
     Register BD +2°2565 (en 12h):  9.4 | 32m49.0s | 36.9'     (pag. 74)
49) BD +1°2911 separated from PPM 160518 in 1219.2 arcsec.
     Register BD +1°2911 (en 14h):  8.5 | 11m26.3s | 35.3'     (pag. 59)
   Neighbors:
     Register BD +1°2910 (en 14h):  8.4 | 10m43.4s | 49.6'     (pag. 59)
     Register BD +1°2912 (en 14h):  9.5 | 11m50.8s | 52.6'     (pag. 59)
50) BD +3°3183 separated from PPM 162583 in 286.6 arcsec.
     Register BD +3°3183 (en 16h):  9.3 | 16m53.8s | 20.7'     (pag. 93)
   Neighbors:
     Register BD +3°3182 (en 16h):  9.5 | 16m45.0s | 37.0'     (pag. 93)
     Register BD +3°3184 (en 16h):  9.1 | 16m56.2s | 46.5'     (pag. 93)
51) BD +9°3277 separated from PPM 163154 in 310.0 arcsec.
     Register BD +9°3277 (en 16h):  9.2 | 42m11.8s | 13.5'     (pag. 198)
   Neighbors:
     Register BD +9°3276 (en 16h):  9.2 | 41m35.3s | 0.2'     (pag. 198)
     Register BD +9°3278 (en 16h):  9.5 | 42m21.3s | 26.2'     (pag. 198)
52) BD +0°3703 separated from PPM 164115 in 253.5 arcsec.
     Register BD +0°3703 (en 17h):  9.0 | 23m17.4s | 42.7'     (pag. 44)
   Neighbors:
     Register BD +0°3702 (en 17h):  9.5 | 23m16.4s | 32.3'     (pag. 44)
     Register BD +0°3704 (en 17h):  9.5 | 23m48.7s | 55.7'     (pag. 44)
53) BD +0°3742 separated from PPM 164353 in 542.8 arcsec.
     Register BD +0°3742 (en 17h):  9.1 | 31m32.4s | 30.2'     (pag. 44)
   Neighbors:
     Register BD +0°3741 (en 17h):  9.5 | 31m27.1s | 55.5'     (pag. 44)
     Register BD +0°3743 (en 17h):  9.5 | 31m56.9s | 19.8'     (pag. 44)
54) BD +9°3543 separated from PPM 165073 in 180.4 arcsec.
     Register BD +9°3543 (en 17h):  9.3 | 56m22.0s | 49.0'     (pag. 199)
   Neighbors:
     Register BD +9°3542 (en 17h):  9.5 | 56m2.0s | 6.2'     (pag. 199)
     Register BD +9°3544 (en 17h):  9.5 | 56m54.9s | 49.7'     (pag. 199)
55) BD +6°3621 separated from PPM 165189 in 1306.6 arcsec.
     Register BD +6°3621 (en 17h):  9.5 | 58m45.1s | 5.7'     (pag. 146)
   Neighbors:
     Register BD +6°3620 (en 17h):  9.0 | 58m35.7s | 40.5'     (pag. 146)
     Register BD +6°3622 (en 17h):  9.5 | 59m10.0s | 59.5'     (pag. 146)
56) BD +0°3924 separated from PPM 165686 in 324.0 arcsec.
     Register BD +0°3924 (en 18h):  8.8 | 14m59.4s | 53.9'     (pag. 45)
   Neighbors:
     Register BD +0°3923 (en 18h):  7.9 | 14m44.2s | 5.6'     (pag. 45)
     Register BD +0°3925 (en 18h):  9.0 | 15m2.2s | 13.0'     (pag. 45)
57) BD +1°3697 separated from PPM 166000 (PROBLEM) in 255.4 arcsec.
     Register BD +1°3697 (en 18h):  9.5 | 23m37.3s | 55.5'     (pag. 62)
   Neighbors:
     Register BD +1°3696 (en 18h):  9.5 | 23m14.3s | 55.8'     (pag. 62)
     Register BD +1°3698 (en 18h):  7.9 | 23m37.5s | 17.5'     (pag. 62)
58) BD +0°4007 separated from PPM 166505 in 720.7 arcsec.
     Register BD +0°4007 (en 18h):  9.5 | 37m47.4s | 39.5'     (pag. 45)
   Neighbors:
     Register BD +0°4006 (en 18h):  9.1 | 37m17.1s | 35.0'     (pag. 45)
     Register BD +0°4008 (en 18h):  9.5 | 37m49.3s | 0.3'     (pag. 45)
59) BD +3°3794 separated from PPM 166537 in 1799.6 arcsec.
     Register BD +3°3794 (en 18h):  9.2 | 38m48.9s | 57.4'     (pag. 95)
   Neighbors:
     Register BD +3°3793 (en 18h):  9.5 | 38m37.6s | 39.5'     (pag. 95)
     Register BD +3°3795 (en 18h):  9.5 | 39m2.0s | 52.4'     (pag. 95)
60) BD +0°4128 separated from PPM 167340 in 202.8 arcsec.
     Register BD +0°4128 (en 19h):  9.5 | 4m1.8s | 33.0'     (pag. 46)
   Neighbors:
     Register BD +0°4127 (en 19h):  9.5 | 4m1.2s | 29.2'     (pag. 46)
     Register BD +0°4129 (en 19h):  9.4 | 4m29.5s | 32.5'     (pag. 46)
61) BD +0°4242 separated from PPM 168116 in 595.8 arcsec.
     Register BD +0°4242 (en 19h):  9.2 | 25m56.3s | 4.8'     (pag. 46)
   Neighbors:
     Register BD +0°4241 (en 19h):  9.5 | 25m12.0s | 16.7'     (pag. 46)
     Register BD +0°4243 (en 19h):  8.9 | 25m57.2s | 7.5'     (pag. 46)
62) BD +2°4111 separated from PPM 169568 in 477.4 arcsec.
     Register BD +2°4111 (en 20h):  9.5 | 5m30.5s | 0.3'     (pag. 80)
   Neighbors:
     Register BD +2°4110 (en 20h):  9.5 | 5m24.6s | 34.7'     (pag. 80)
     Register BD +2°4112 (en 20h):  8.2 | 5m34.4s | 52.1'     (pag. 80)
63) BD +4°4414 separated from PPM 169783 in 226.4 arcsec.
     Register BD +4°4414 (en 20h):  9.5 | 12m10.7s | 57.0'     (pag. 114)
   Neighbors:
     Register BD +4°4413 (en 20h):  9.4 | 11m32.5s | 48.9'     (pag. 114)
     Register BD +4°4415 (en 20h):  9.5 | 12m14.0s | 13.5'     (pag. 114)
64) BD +6°4506 separated from PPM 169871 in 222.9 arcsec.
     Register BD +6°4506 (en 20h):  9.5 | 14m38.2s | 21.0'     (pag. 149)
   Neighbors:
     Register BD +6°4505 (en 20h):  9.5 | 14m37.0s | 7.7'     (pag. 149)
     Register BD +6°4507 (en 20h):  9.2 | 14m53.5s | 35.8'     (pag. 149)
65) BD +9°4528 separated from PPM 170026 in 201.7 arcsec.
     Register BD +9°4528 (en 20h):  9.5 | 19m10.3s | 27.4'     (pag. 202)
   Neighbors:
     Register BD +9°4527 (en 20h):  9.4 | 18m51.2s | 52.4'     (pag. 202)
     Register BD +9°4529 (en 20h):  8.5 | 19m11.5s | 0.2'     (pag. 202)
66) BD -0°4017 separated from PPM 170119 in 211.7 arcsec.
     Register BD -0°4017 (en 20h):  9.2 | 21m34.7s | 31.7'     (pag. 30)
   Neighbors:
     Register BD -0°4016 (en 20h):  9.2 | 21m24.7s | 44.7'     (pag. 30)
     Register BD -0°4018 (en 20h):  9.1 | 22m10.6s | 28.8'     (pag. 30)
67) BD +5°4560 separated from PPM 170355 in 181.1 arcsec.
     Register BD +5°4560 (en 20h):  9.2 | 28m54.6s | 26.0'     (pag. 131)
   Neighbors:
     Register BD +5°4559 (en 20h):  9.5 | 28m44.4s | 53.2'     (pag. 131)
     Register BD +5°4561 (en 20h):  9.3 | 28m54.8s | 55.8'     (pag. 131)
68) BD +4°4600 separated from PPM 171197 in 228.0 arcsec.
     Register BD +4°4600 (en 20h):  9.5 | 56m22.9s | 23.9'     (pag. 114)
   Neighbors:
     Register BD +4°4599 (en 20h):  9.5 | 55m52.4s | 54.9'     (pag. 114)
     Register BD +4°4601 (en 20h):  9.2 | 56m32.2s | 11.5'     (pag. 114)
69) BD +7°4636 separated from PPM 171378 in 241.0 arcsec.
     Register BD +7°4636 (en 21h):  9.5 | 3m9.7s | 8.6'     (pag. 167)
   Neighbors:
     Register BD +7°4635 (en 21h):  9.5 | 3m3.3s | 28.7'     (pag. 167)
     Register BD +7°4637 (en 21h):  9.2 | 3m11.5s | 50.9'     (pag. 167)
70) BD +7°4658 separated from PPM 171540 in 1783.0 arcsec.
     Register BD +7°4658 (en 21h):  8.0 | 10m20.0s | 8.1'     (pag. 168)
   Neighbors:
     Register BD +7°4657 (en 21h):  9.0 | 10m16.7s | 9.6'     (pag. 168)
     Register BD +7°4659 (en 21h):  9.5 | 10m33.7s | 35.0'     (pag. 168)
71) BD +8°4691 separated from PPM 171914 in 182.1 arcsec.
     Register BD +8°4691 (en 21h):  9.5 | 26m9.2s | 6.2'     (pag. 185)
   Neighbors:
     Register BD +8°4690 (en 21h):  9.4 | 25m55.5s | 20.7'     (pag. 185)
     Register BD +8°4692 (en 21h):  9.3 | 26m9.9s | 41.1'     (pag. 185)
72) BD +3°4720 separated from PPM 173144 in 206.3 arcsec.
     Register BD +3°4720 (en 22h):  8.8 | 24m26.5s | 16.6'     (pag. 98)
   Neighbors:
     Register BD +3°4719 (en 22h):  9.5 | 23m56.2s | 48.6'     (pag. 98)
     Register BD +3°4721 (en 22h):  9.4 | 24m28.5s | 8.7'     (pag. 98)
73) BD +7°4897 separated from PPM 173229 in 181.4 arcsec.
     Register BD +7°4897 (en 22h):  9.5 | 29m4.6s | 53.0'     (pag. 168)
   Neighbors:
     Register BD +7°4896 (en 22h):  9.3 | 28m55.3s | 20.5'     (pag. 168)
     Register BD +7°4898 (en 22h):  7.6 | 29m37.6s | 2.0'     (pag. 168)
74) BD +1°4756 separated from PPM 174319 in 189.4 arcsec.
     Register BD +1°4756 (en 23h):  9.5 | 32m56.9s | 48.5'     (pag. 65)
   Neighbors:
     Register BD +1°4755 (en 23h):  9.5 | 32m54.3s | 38.0'     (pag. 65)
     Register BD +1°4757 (en 23h):  9.5 | 33m18.6s | 13.1'     (pag. 65)
75) BD -0°1008 separated from PPM 175930 (PROBLEM) in 302.3 arcsec.
     Register BD -0°1008 (en 5h):  9.3 | 27m47.8s | 55.5'     (pag. 19)
   Neighbors:
     Register BD -0°1007 (en 5h):  8.6 | 27m43.4s | 21.5'     (pag. 19)
     Register BD -0°1009 (en 5h):  8.3 | 27m50.8s | 49.8'     (pag. 19)
76) BD -1°1489 separated from PPM 176590 in 240.9 arcsec.
     Register BD -1°1489 (en 6h):  9.3 | 52m25.3s | 6.0'     (pag. 6)
   Neighbors:
     Register BD -1°1488 (en 6h):  9.5 | 52m22.0s | 49.5'     (pag. 6)
     Register BD -1°1490 (en 6h):  9.3 | 52m33.4s | 49.4'     (pag. 6)
77) BD -1°2359 separated from PPM 178109 in 913.1 arcsec.
     Register BD -1°2359 (en 10h):  8.6 | 5m10.6s | 1.0'     (pag. 9)
   Neighbors:
     Register BD -1°2358 (en 10h):  8.8 | 3m48.0s | 16.1'     (pag. 9)
     Register BD -1°2360 (en 10h):  9.5 | 5m57.5s | 18.3'     (pag. 9)
78) BD +0°2751 separated from PPM 178412 in 232.6 arcsec.
     Register BD +0°2751 (en 11h):  9.4 | 2m29.9s | 2.1'     (pag. 41)
   Neighbors:
     Register BD +0°2750 (en 11h):  8.1 | 1m10.1s | 13.0'     (pag. 41)
     Register BD +0°2752 (en 11h):  9.0 | 2m30.3s | 38.6'     (pag. 41)
79) BD -0°2683 separated from PPM 179033 in 221.4 arcsec.
     Register BD -0°2683 (en 13h):  9.5 | 15m40.6s | 5.1'     (pag. 25)
   Neighbors:
     Register BD -0°2682 (en 13h):  9.5 | 15m34.1s | 45.4'     (pag. 25)
     Register BD -0°2684 (en 13h):  9.0 | 15m54.1s | 45.0'     (pag. 25)
80) BD -0°3349 separated from PPM 180141 in 186.6 arcsec.
     Register BD -0°3349 (en 17h):  9.5 | 36m4.4s | 31.1'     (pag. 27)
   Neighbors:
     Register BD -0°3348 (en 17h):  9.5 | 36m3.3s | 1.6'     (pag. 27)
     Register BD -0°3350 (en 17h):  9.5 | 36m43.2s | 29.4'     (pag. 27)
81) BD -1°4012 separated from PPM 181045 in 187.4 arcsec.
     Register BD -1°4012 (en 20h):  9.3 | 29m35.0s | 35.7'     (pag. 14)
   Neighbors:
     Register BD -1°4011 (en 20h):  9.5 | 29m16.6s | 31.7'     (pag. 14)
     Register BD -1°4013 (en 20h):  9.3 | 29m36.0s | 33.6'     (pag. 14)
82) BD -1°4303 separated from PPM 181472 in 229.7 arcsec.
     Register BD -1°4303 (en 22h):  8.5 | 22m26.5s | 28.2'     (pag. 15)
   Neighbors:
     Register BD -1°4302 (en 22h):  9.5 | 22m16.0s | 38.6'     (pag. 15)
     Register BD -1°4304 (en 22h):  9.5 | 22m33.3s | 14.5'     (pag. 15)
83) BD -1°1212 reports mag=8.7 but it should be mag=9.2 from PPM 702810: Delta = 0.5.
     Register BD -1°1212 (en 6h):  8.7 | 14m41.8s | 57.8'     (pag. 5)
84) BD +0°3251 reports mag=8.4 but it should be mag=9.1 from PPM 706082: Delta = 0.7.
     Register BD +0°3251 (en 14h):  8.4 | 43m23.0s | 2.7'     (pag. 43)
85) BD -0°3267 reports mag=8.7 but it should be mag=9.2 from PPM 706751: Delta = 0.5.
     Register BD -0°3267 (en 17h):  8.7 | 13m32.4s | 5.2'     (pag. 27)
86) BD -1°3475 reports mag=8.9 but it should be mag=9.3 from PPM 707048: Delta = 0.4.
     Register BD -1°3475 (en 18h):  8.9 | 14m5.2s | 35.4'     (pag. 12)
Total errors: 86 (position: 82, mag: 4); errors without warning = 86, PPM with problems = 5197
RSME of distance (arcsec) = 35.99  among a total of 63034 stars
RSME of visual magnitude = 0.10345  among a total of 1425 stars
