CROSS_NORTH - Compare several catalogs.
Made in 2025 by Daniel Severin.
Star already corrected (BD 19°2041)
Star already corrected (BD 19°2856)
Star already corrected (BD 19°3508)
Star already corrected (BD 19°4908)
Star already corrected (BD 18°2679)
Star already corrected (BD 17°88)
Star already corrected (BD 17°4368)
Star already corrected (BD 16°409)
Star already corrected (BD 16°588)
Star already corrected (BD 16°4193)
Star already corrected (BD 16°4290)
Star already corrected (BD 16°4458)
Star already corrected (BD 16°4921)
Star already corrected (BD 15°613)
Star already corrected (BD 15°622)
Star already corrected (BD 15°4392)
Star already corrected (BD 15°4395)
Star already corrected (BD 14°2850)
Star already corrected (BD 14°3726)
Star already corrected (BD 14°3727)
Star already corrected (BD 13°4688)
Star already corrected (BD 13°5168)
Star already corrected (BD 12°3382)
Star already corrected (BD 10°402)
Star already corrected (BD 10°2494)
Star already corrected (BD 10°3787)
Star already corrected (BD 9°852)
Star already corrected (BD 9°856)
Star already corrected (BD 9°4813)
Star already corrected (BD 9°5059)
Star already corrected (BD 8°492)
Star already corrected (BD 8°1414)
Star already corrected (BD 8°1417)
Star already corrected (BD 8°2631)
Star already corrected (BD 8°2632)
Star already corrected (BD 8°3411)
Star already corrected (BD 7°3199)
Star already corrected (BD 7°3209)
Star already corrected (BD 5°3883)
Star already corrected (BD 5°3897)
Star already corrected (BD 4°2061)
Star already corrected (BD 4°2290)
Star already corrected (BD 4°4993)
Star already corrected (BD 3°53)
Star already corrected (BD 3°1471)
Star already corrected (BD 3°1726)
Star already corrected (BD 3°3085)
Star already corrected (BD 2°2556)
Star already corrected (BD 2°4448)
Star already corrected (BD 1°1564)
Star already corrected (BD 1°2129)
Star already corrected (BD 0°1010)
Star already corrected (BD 0°1236)
Star already corrected (BD 0°3946)
Star already corrected (BD -1°3364)
Star already corrected (BD -1°4185)
Star already corrected (BD -1°4186)
Stars read from Bonner Durchmusterung: 111179

***************************************
Perform comparison between Oeltzen-Argelander North catalog and PPM...
Stars read from PPM: 175863
1) Warning: OA 2 is ALONE (nearest PPM star at 46.8 arcsec).
2) Warning: OA 3 is ALONE (nearest PPM star at 657.9 arcsec).
3) Warning: OA 74 is ALONE (nearest PPM star at 535.8 arcsec).
4) Warning: OA 76 is ALONE (nearest PPM star at 535.5 arcsec).
5) Warning: OA 133 is ALONE (nearest PPM star at 59.4 arcsec).
6) Warning: OA 144 is ALONE (nearest PPM star at 1023.9 arcsec).
7) Warning: OA 168 is ALONE (nearest PPM star at 347.7 arcsec).
8) Warning: OA 204 is ALONE (nearest PPM star at 228.5 arcsec).
9) Warning: OA 241 is ALONE (nearest PPM star at 479.6 arcsec).
10) Warning: OA 298 is ALONE (nearest PPM star at 82.2 arcsec).
11) Warning: OA 373 is ALONE (nearest PPM star at 145.8 arcsec).
12) Warning: OA 427 is ALONE (nearest PPM star at 708.8 arcsec).
13) Warning: OA 537 is ALONE (nearest PPM star at 669.9 arcsec).
14) Warning: OA 539 is ALONE (nearest PPM star at 659.7 arcsec).
15) Warning: OA 545 is ALONE (nearest PPM star at 46.0 arcsec).
16) Warning: OA 621 is ALONE (nearest PPM star at 582.0 arcsec).
17) Warning: OA 724 is ALONE (nearest PPM star at 108.7 arcsec).
18) Warning: OA 806 is ALONE (nearest PPM star at 58.1 arcsec).
19) Warning: OA 899 is ALONE (nearest PPM star at 464.3 arcsec).
20) Warning: OA 979 is ALONE (nearest PPM star at 59.4 arcsec).
21) Warning: OA 1011 is ALONE (nearest PPM star at 608.6 arcsec).
22) Warning: OA 1012 is ALONE (nearest PPM star at 605.4 arcsec).
23) Warning: OA 1133 is ALONE (nearest PPM star at 292.2 arcsec).
24) Warning: OA 1275 is ALONE (nearest PPM star at 1235.7 arcsec).
25) Warning: OA 1288 is ALONE (nearest PPM star at 142.4 arcsec).
26) Warning: OA 1305 is ALONE (nearest PPM star at 601.2 arcsec).
27) Warning: OA 1317 is ALONE (nearest PPM star at 196.3 arcsec).
28) Warning: OA 1318 is ALONE (nearest PPM star at 197.4 arcsec).
29) Warning: OA 1342 is ALONE (nearest PPM star at 1154.0 arcsec).
30) Warning: OA 1478 is ALONE (nearest PPM star at 47.9 arcsec).
31) Warning: OA 1587 is ALONE (nearest PPM star at 416.1 arcsec).
32) Warning: OA 1619 is ALONE (nearest PPM star at 109.6 arcsec).
33) Warning: OA 1625 is ALONE (nearest PPM star at 351.2 arcsec).
34) Warning: OA 1655 is ALONE (nearest PPM star at 723.8 arcsec).
35) Warning: OA 1665 is ALONE (nearest PPM star at 280.8 arcsec).
36) Warning: OA 1677 is ALONE (nearest PPM star at 143.5 arcsec).
37) Warning: OA 1695 is ALONE (nearest PPM star at 198.2 arcsec).
38) Warning: OA 1698 is ALONE (nearest PPM star at 515.5 arcsec).
39) Warning: OA 1752 is ALONE (nearest PPM star at 132.0 arcsec).
40) Warning: OA 1794 is ALONE (nearest PPM star at 370.5 arcsec).
41) Warning: OA 1819 is ALONE (nearest PPM star at 119.0 arcsec).
42) Warning: OA 1822 is ALONE (nearest PPM star at 762.3 arcsec).
43) Warning: OA 1878 is ALONE (nearest PPM star at 512.4 arcsec).
44) Warning: OA 1879 is ALONE (nearest PPM star at 109.4 arcsec).
45) Warning: OA 1973 is ALONE (nearest PPM star at 106.3 arcsec).
46) Warning: OA 2051 is ALONE (nearest PPM star at 119.7 arcsec).
47) Warning: OA 2186 is ALONE (nearest PPM star at 104.7 arcsec).
48) Warning: OA 2202 is ALONE (nearest PPM star at 903.0 arcsec).
49) Warning: OA 2218 is ALONE (nearest PPM star at 77.0 arcsec).
50) Warning: OA 2258 is ALONE (nearest PPM star at 298.2 arcsec).
51) Warning: OA 2282 is ALONE (nearest PPM star at 553.1 arcsec).
52) Warning: OA 2288 is ALONE (nearest PPM star at 296.5 arcsec).
53) Warning: OA 2297 is ALONE (nearest PPM star at 408.0 arcsec).
54) Warning: OA 2315 is ALONE (nearest PPM star at 286.1 arcsec).
55) Warning: OA 2377 is ALONE (nearest PPM star at 294.8 arcsec).
56) Warning: OA 2426 is ALONE (nearest PPM star at 181.4 arcsec).
57) Warning: OA 2460 is ALONE (nearest PPM star at 965.8 arcsec).
58) Warning: OA 2561 is ALONE (nearest PPM star at 48.3 arcsec).
59) Warning: OA 2565 is ALONE (nearest PPM star at 429.5 arcsec).
60) Warning: OA 2571 is ALONE (nearest PPM star at 336.4 arcsec).
61) Warning: OA 2596 is ALONE (nearest PPM star at 369.9 arcsec).
62) Warning: OA 2635 is ALONE (nearest PPM star at 343.1 arcsec).
63) Warning: OA 2636 is ALONE (nearest PPM star at 81.8 arcsec).
64) Warning: OA 2640 is ALONE (nearest PPM star at 147.8 arcsec).
65) Warning: OA 2660 is ALONE (nearest PPM star at 1108.4 arcsec).
66) Warning: OA 2663 is ALONE (nearest PPM star at 988.7 arcsec).
67) Warning: OA 2723 is ALONE (nearest PPM star at 48.9 arcsec).
68) Warning: OA 2793 is ALONE (nearest PPM star at 946.2 arcsec).
69) Warning: OA 2795 is ALONE (nearest PPM star at 46.4 arcsec).
70) Warning: OA 2900 is ALONE (nearest PPM star at 645.6 arcsec).
71) Warning: OA 2923 is ALONE (nearest PPM star at 816.7 arcsec).
72) Warning: OA 2946 is ALONE (nearest PPM star at 60.5 arcsec).
73) Warning: OA 2981 is ALONE (nearest PPM star at 472.1 arcsec).
74) Warning: OA 3014 is ALONE (nearest PPM star at 143.8 arcsec).
75) Warning: OA 3081 is ALONE (nearest PPM star at 790.7 arcsec).
76) Warning: OA 3082 is ALONE (nearest PPM star at 793.5 arcsec).
77) Warning: OA 3190 is ALONE (nearest PPM star at 288.2 arcsec).
78) Warning: OA 3287 is ALONE (nearest PPM star at 59.6 arcsec).
79) Warning: OA 3385 is ALONE (nearest PPM star at 699.8 arcsec).
80) Warning: OA 3393 is ALONE (nearest PPM star at 720.9 arcsec).
81) Warning: OA 3405 is ALONE (nearest PPM star at 143.7 arcsec).
82) Warning: OA 3418 is ALONE (nearest PPM star at 1256.5 arcsec).
83) Warning: OA 3424 is ALONE (nearest PPM star at 48.6 arcsec).
84) Warning: OA 3454 is ALONE (nearest PPM star at 578.1 arcsec).
85) Warning: OA 3458 is ALONE (nearest PPM star at 1198.4 arcsec).
86) Warning: OA 3481 is ALONE (nearest PPM star at 141.1 arcsec).
87) Warning: OA 3606 is ALONE (nearest PPM star at 422.5 arcsec).
88) Warning: OA 3611 is ALONE (nearest PPM star at 367.8 arcsec).
89) Warning: OA 3636 is ALONE (nearest PPM star at 493.1 arcsec).
90) Warning: OA 3649 is ALONE (nearest PPM star at 439.3 arcsec).
91) Warning: OA 3669 is ALONE (nearest PPM star at 623.3 arcsec).
92) Warning: OA 3670 is ALONE (nearest PPM star at 456.5 arcsec).
93) Warning: OA 3688 is ALONE (nearest PPM star at 689.1 arcsec).
94) Warning: OA 3711 is ALONE (nearest PPM star at 92.1 arcsec).
95) Warning: OA 3724 is ALONE (nearest PPM star at 139.8 arcsec).
96) Warning: OA 3733 is ALONE (nearest PPM star at 555.7 arcsec).
97) Warning: OA 3791 is ALONE (nearest PPM star at 609.5 arcsec).
98) Warning: OA 3822 is ALONE (nearest PPM star at 1603.6 arcsec).
99) Warning: OA 3906 is ALONE (nearest PPM star at 377.0 arcsec).
100) Warning: OA 3910 is ALONE (nearest PPM star at 140.0 arcsec).
101) Warning: OA 4001 is ALONE (nearest PPM star at 144.3 arcsec).
102) Warning: OA 4219 is ALONE (nearest PPM star at 167.3 arcsec).
103) Warning: OA 4220 is ALONE (nearest PPM star at 166.8 arcsec).
104) Warning: OA 4301 is ALONE (nearest PPM star at 669.5 arcsec).
105) Warning: OA 4315 is ALONE (nearest PPM star at 515.1 arcsec).
106) Warning: OA 4316 is ALONE (nearest PPM star at 514.8 arcsec).
107) Warning: OA 4424 is ALONE (nearest PPM star at 49.1 arcsec).
108) Warning: OA 4465 is ALONE (nearest PPM star at 498.7 arcsec).
109) Warning: OA 4575 is ALONE (nearest PPM star at 362.0 arcsec).
110) Warning: OA 4608 is ALONE (nearest PPM star at 639.6 arcsec).
111) Warning: OA 4623 is ALONE (nearest PPM star at 415.6 arcsec).
112) Warning: OA 4632 is ALONE (nearest PPM star at 1111.9 arcsec).
113) Warning: OA 4674 is ALONE (nearest PPM star at 306.3 arcsec).
114) Warning: OA 4728 is ALONE (nearest PPM star at 1225.0 arcsec).
115) Warning: OA 4729 is ALONE (nearest PPM star at 1224.8 arcsec).
116) Warning: OA 4730 is ALONE (nearest PPM star at 1224.2 arcsec).
117) Warning: OA 4773 is ALONE (nearest PPM star at 723.3 arcsec).
118) Warning: OA 4831 is ALONE (nearest PPM star at 1282.9 arcsec).
119) Warning: OA 4861 is ALONE (nearest PPM star at 497.9 arcsec).
120) Warning: OA 5001 is ALONE (nearest PPM star at 244.8 arcsec).
121) Warning: OA 5002 is ALONE (nearest PPM star at 245.7 arcsec).
122) Warning: OA 5036 is ALONE (nearest PPM star at 787.3 arcsec).
123) Warning: OA 5037 is ALONE (nearest PPM star at 786.6 arcsec).
124) Warning: OA 5074 is ALONE (nearest PPM star at 606.8 arcsec).
125) Warning: OA 5146 is ALONE (nearest PPM star at 62.0 arcsec).
126) Warning: OA 5150 is ALONE (nearest PPM star at 364.0 arcsec).
127) Warning: OA 5365 is ALONE (nearest PPM star at 435.6 arcsec).
128) Warning: OA 5370 is ALONE (nearest PPM star at 67.4 arcsec).
129) Warning: OA 5380 is ALONE (nearest PPM star at 493.5 arcsec).
130) Warning: OA 5400 is ALONE (nearest PPM star at 258.9 arcsec).
131) Warning: OA 5596 is ALONE (nearest PPM star at 86.3 arcsec).
132) Warning: OA 5605 is ALONE (nearest PPM star at 486.5 arcsec).
133) Warning: OA 5607 is ALONE (nearest PPM star at 485.7 arcsec).
134) Warning: OA 5874 is ALONE (nearest PPM star at 891.8 arcsec).
135) Warning: OA 5885 is ALONE (nearest PPM star at 392.9 arcsec).
136) Warning: OA 5905 is ALONE (nearest PPM star at 533.1 arcsec).
137) Warning: OA 5906 is ALONE (nearest PPM star at 99.1 arcsec).
138) Warning: OA 5926 is ALONE (nearest PPM star at 47.4 arcsec).
139) Warning: OA 5947 is ALONE (nearest PPM star at 1377.9 arcsec).
140) Warning: OA 5949 is ALONE (nearest PPM star at 1186.0 arcsec).
141) Warning: OA 5964 is ALONE (nearest PPM star at 45.6 arcsec).
142) Warning: OA 5990 is ALONE (nearest PPM star at 326.6 arcsec).
143) Warning: OA 6096 is ALONE (nearest PPM star at 63.9 arcsec).
144) Warning: OA 6136 is ALONE (nearest PPM star at 557.9 arcsec).
145) Warning: OA 6161 is ALONE (nearest PPM star at 1270.2 arcsec).
146) Warning: OA 6181 is ALONE (nearest PPM star at 386.4 arcsec).
147) Warning: OA 6257 is ALONE (nearest PPM star at 359.4 arcsec).
148) Warning: OA 6334 is ALONE (nearest PPM star at 144.2 arcsec).
149) Warning: OA 6406 is ALONE (nearest PPM star at 148.6 arcsec).
150) Warning: OA 6603 is ALONE (nearest PPM star at 226.9 arcsec).
151) Warning: OA 6611 is ALONE (nearest PPM star at 350.0 arcsec).
152) Warning: OA 6628 is ALONE (nearest PPM star at 899.9 arcsec).
153) Warning: OA 6640 is ALONE (nearest PPM star at 141.3 arcsec).
154) Warning: OA 6727 is ALONE (nearest PPM star at 512.8 arcsec).
155) Warning: OA 6728 is ALONE (nearest PPM star at 505.4 arcsec).
156) Warning: OA 6729 is ALONE (nearest PPM star at 504.0 arcsec).
157) Warning: OA 6732 is ALONE (nearest PPM star at 780.0 arcsec).
158) Warning: OA 6864 is ALONE (nearest PPM star at 46.0 arcsec).
159) Warning: OA 6881 is ALONE (nearest PPM star at 46.0 arcsec).
160) Warning: OA 6926 is ALONE (nearest PPM star at 45.2 arcsec).
161) Warning: OA 6952 is ALONE (nearest PPM star at 285.9 arcsec).
162) Warning: OA 7086 is ALONE (nearest PPM star at 195.8 arcsec).
163) Warning: OA 7087 is ALONE (nearest PPM star at 198.7 arcsec).
164) Warning: OA 7140 is ALONE (nearest PPM star at 97.4 arcsec).
165) Warning: OA 7213 is ALONE (nearest PPM star at 526.3 arcsec).
166) Warning: OA 7370 is ALONE (nearest PPM star at 648.0 arcsec).
167) Warning: OA 7413 is ALONE (nearest PPM star at 335.2 arcsec).
168) Warning: OA 7474 is ALONE (nearest PPM star at 139.8 arcsec).
169) Warning: OA 7480 is ALONE (nearest PPM star at 866.7 arcsec).
170) Warning: OA 7519 is ALONE (nearest PPM star at 275.9 arcsec).
171) Warning: OA 7520 is ALONE (nearest PPM star at 280.9 arcsec).
172) Warning: OA 7596 is ALONE (nearest PPM star at 47.4 arcsec).
173) Warning: OA 7667 is ALONE (nearest PPM star at 124.7 arcsec).
174) Warning: OA 7688 is ALONE (nearest PPM star at 1068.3 arcsec).
175) Warning: OA 7833 is ALONE (nearest PPM star at 992.6 arcsec).
176) Warning: OA 7865 is ALONE (nearest PPM star at 591.3 arcsec).
177) Warning: OA 7866 is ALONE (nearest PPM star at 593.8 arcsec).
178) Warning: OA 7867 is ALONE (nearest PPM star at 260.7 arcsec).
179) Warning: OA 7868 is ALONE (nearest PPM star at 263.5 arcsec).
180) Warning: OA 7933 is ALONE (nearest PPM star at 1235.4 arcsec).
181) Warning: OA 7936 is ALONE (nearest PPM star at 281.0 arcsec).
182) Warning: OA 7943 is ALONE (nearest PPM star at 265.7 arcsec).
183) Warning: OA 8031 is ALONE (nearest PPM star at 139.3 arcsec).
184) Warning: OA 8128 is ALONE (nearest PPM star at 415.7 arcsec).
185) Warning: OA 8131 is ALONE (nearest PPM star at 283.5 arcsec).
186) Warning: OA 8145 is ALONE (nearest PPM star at 258.8 arcsec).
187) Warning: OA 8295 is ALONE (nearest PPM star at 1609.9 arcsec).
188) Warning: OA 8300 is ALONE (nearest PPM star at 304.5 arcsec).
189) Warning: OA 8323 is ALONE (nearest PPM star at 407.8 arcsec).
190) Warning: OA 8351 is ALONE (nearest PPM star at 429.6 arcsec).
191) Warning: OA 8352 is ALONE (nearest PPM star at 430.6 arcsec).
192) Warning: OA 8356 is ALONE (nearest PPM star at 709.4 arcsec).
193) Warning: OA 8435 is ALONE (nearest PPM star at 652.5 arcsec).
194) Warning: OA 8436 is ALONE (nearest PPM star at 649.7 arcsec).
195) Warning: OA 8437 is ALONE (nearest PPM star at 1050.3 arcsec).
196) Warning: OA 8455 is ALONE (nearest PPM star at 687.0 arcsec).
197) Warning: OA 8514 is ALONE (nearest PPM star at 141.9 arcsec).
198) Warning: OA 8579 is ALONE (nearest PPM star at 557.5 arcsec).
199) Warning: OA 8671 is ALONE (nearest PPM star at 668.9 arcsec).
200) Warning: OA 8689 is ALONE (nearest PPM star at 1042.1 arcsec).
201) Warning: OA 8801 is ALONE (nearest PPM star at 64.7 arcsec).
202) Warning: OA 8945 is ALONE (nearest PPM star at 1194.2 arcsec).
203) Warning: OA 9104 is ALONE (nearest PPM star at 322.6 arcsec).
204) Warning: OA 9112 is ALONE (nearest PPM star at 875.9 arcsec).
205) Warning: OA 9133 is ALONE (nearest PPM star at 288.6 arcsec).
206) Warning: OA 9186 is ALONE (nearest PPM star at 226.0 arcsec).
207) Warning: OA 9300 is ALONE (nearest PPM star at 501.1 arcsec).
208) Warning: OA 9320 is ALONE (nearest PPM star at 1096.1 arcsec).
209) Warning: OA 9333 is ALONE (nearest PPM star at 702.5 arcsec).
210) Warning: OA 9342 is ALONE (nearest PPM star at 822.5 arcsec).
211) Warning: OA 9538 is ALONE (nearest PPM star at 943.2 arcsec).
212) Warning: OA 9582 is ALONE (nearest PPM star at 1080.4 arcsec).
213) Warning: OA 9592 is ALONE (nearest PPM star at 468.0 arcsec).
214) Warning: OA 9760 is ALONE (nearest PPM star at 1150.3 arcsec).
215) Warning: OA 9825 is ALONE (nearest PPM star at 1209.4 arcsec).
216) Warning: OA 9828 is ALONE (nearest PPM star at 45.3 arcsec).
217) Warning: OA 9881 is ALONE (nearest PPM star at 65.8 arcsec).
218) Warning: OA 10016 is ALONE (nearest PPM star at 51.3 arcsec).
219) Warning: OA 10078 is ALONE (nearest PPM star at 46.9 arcsec).
220) Warning: OA 10129 is ALONE (nearest PPM star at 437.4 arcsec).
221) Warning: OA 10143 is ALONE (nearest PPM star at 278.9 arcsec).
222) Warning: OA 10209 is ALONE (nearest PPM star at 46.3 arcsec).
223) Warning: OA 10301 is ALONE (nearest PPM star at 146.1 arcsec).
224) Warning: OA 10302 is ALONE (nearest PPM star at 147.4 arcsec).
225) Warning: OA 10321 is ALONE (nearest PPM star at 2151.9 arcsec).
226) Warning: OA 10358 is ALONE (nearest PPM star at 682.6 arcsec).
227) Warning: OA 10375 is ALONE (nearest PPM star at 316.8 arcsec).
228) Warning: OA 10478 is ALONE (nearest PPM star at 63.2 arcsec).
229) Warning: OA 10485 is ALONE (nearest PPM star at 787.3 arcsec).
230) Warning: OA 10486 is ALONE (nearest PPM star at 48.8 arcsec).
231) Warning: OA 10535 is ALONE (nearest PPM star at 424.3 arcsec).
232) Warning: OA 10574 is ALONE (nearest PPM star at 115.7 arcsec).
233) Warning: OA 10607 is ALONE (nearest PPM star at 142.6 arcsec).
234) Warning: OA 10627 is ALONE (nearest PPM star at 374.0 arcsec).
235) Warning: OA 10765 is ALONE (nearest PPM star at 379.3 arcsec).
236) Warning: OA 10771 is ALONE (nearest PPM star at 360.8 arcsec).
237) Warning: OA 10805 is ALONE (nearest PPM star at 355.9 arcsec).
238) Warning: OA 10808 is ALONE (nearest PPM star at 50.7 arcsec).
239) Warning: OA 10837 is ALONE (nearest PPM star at 138.7 arcsec).
240) Warning: OA 10843 is ALONE (nearest PPM star at 54.5 arcsec).
241) Warning: OA 10921 is ALONE (nearest PPM star at 142.5 arcsec).
242) Warning: OA 10943 is ALONE (nearest PPM star at 495.3 arcsec).
243) Warning: OA 11044 is ALONE (nearest PPM star at 1338.4 arcsec).
244) Warning: OA 11062 is ALONE (nearest PPM star at 1607.4 arcsec).
245) Warning: OA 11092 is ALONE (nearest PPM star at 647.7 arcsec).
246) Warning: OA 11134 is ALONE (nearest PPM star at 131.4 arcsec).
247) Warning: OA 11172 is ALONE (nearest PPM star at 939.7 arcsec).
248) Warning: OA 11221 is ALONE (nearest PPM star at 733.8 arcsec).
249) Warning: OA 11255 is ALONE (nearest PPM star at 537.2 arcsec).
250) Warning: OA 11280 is ALONE (nearest PPM star at 1109.9 arcsec).
251) Warning: OA 11314 is ALONE (nearest PPM star at 298.9 arcsec).
252) Warning: OA 11351 is ALONE (nearest PPM star at 611.4 arcsec).
253) Warning: OA 11402 is ALONE (nearest PPM star at 45.5 arcsec).
254) Warning: OA 11416 is ALONE (nearest PPM star at 66.1 arcsec).
255) Warning: OA 11430 is ALONE (nearest PPM star at 140.4 arcsec).
256) Warning: OA 11501 is ALONE (nearest PPM star at 49.9 arcsec).
257) Warning: OA 11660 is ALONE (nearest PPM star at 150.1 arcsec).
258) Warning: OA 11846 is ALONE (nearest PPM star at 778.6 arcsec).
259) Warning: OA 11850 is ALONE (nearest PPM star at 541.5 arcsec).
260) Warning: OA 11852 is ALONE (nearest PPM star at 556.4 arcsec).
261) Warning: OA 11873 is ALONE (nearest PPM star at 515.5 arcsec).
262) Warning: OA 11999 is ALONE (nearest PPM star at 650.3 arcsec).
263) Warning: OA 12044 is ALONE (nearest PPM star at 1486.6 arcsec).
264) Warning: OA 12056 is ALONE (nearest PPM star at 158.2 arcsec).
265) Warning: OA 12062 is ALONE (nearest PPM star at 634.6 arcsec).
266) Warning: OA 12064 is ALONE (nearest PPM star at 920.7 arcsec).
267) Warning: OA 12115 is ALONE (nearest PPM star at 1289.7 arcsec).
268) Warning: OA 12116 is ALONE (nearest PPM star at 599.0 arcsec).
269) Warning: OA 12198 is ALONE (nearest PPM star at 59.7 arcsec).
270) Warning: OA 12333 is ALONE (nearest PPM star at 1519.3 arcsec).
271) Warning: OA 12334 is ALONE (nearest PPM star at 1519.9 arcsec).
272) Warning: OA 12335 is ALONE (nearest PPM star at 1519.6 arcsec).
273) Warning: OA 12390 is ALONE (nearest PPM star at 634.0 arcsec).
274) Warning: OA 12399 is ALONE (nearest PPM star at 877.4 arcsec).
275) Warning: OA 12511 is ALONE (nearest PPM star at 552.8 arcsec).
276) Warning: OA 12559 is ALONE (nearest PPM star at 96.5 arcsec).
277) Warning: OA 12791 is ALONE (nearest PPM star at 1066.0 arcsec).
278) Warning: OA 12970 is ALONE (nearest PPM star at 801.2 arcsec).
279) Warning: OA 13032 is ALONE (nearest PPM star at 1624.3 arcsec).
280) Warning: OA 13214 is ALONE (nearest PPM star at 46.7 arcsec).
281) Warning: OA 13218 is ALONE (nearest PPM star at 701.2 arcsec).
282) Warning: OA 13219 is ALONE (nearest PPM star at 707.6 arcsec).
283) Warning: OA 13244 is ALONE (nearest PPM star at 223.9 arcsec).
284) Warning: OA 13245 is ALONE (nearest PPM star at 224.1 arcsec).
285) Warning: OA 13246 is ALONE (nearest PPM star at 222.0 arcsec).
286) Warning: OA 13461 is ALONE (nearest PPM star at 823.0 arcsec).
287) Warning: OA 13463 is ALONE (nearest PPM star at 45.6 arcsec).
288) Warning: OA 13491 is ALONE (nearest PPM star at 61.4 arcsec).
289) Warning: OA 13536 is ALONE (nearest PPM star at 766.2 arcsec).
290) Warning: OA 13562 is ALONE (nearest PPM star at 60.9 arcsec).
291) Warning: OA 13566 is ALONE (nearest PPM star at 641.1 arcsec).
292) Warning: OA 13577 is ALONE (nearest PPM star at 53.2 arcsec).
293) Warning: OA 13692 is ALONE (nearest PPM star at 285.6 arcsec).
294) Warning: OA 13740 is ALONE (nearest PPM star at 235.0 arcsec).
295) Warning: OA 13741 is ALONE (nearest PPM star at 238.1 arcsec).
296) Warning: OA 13803 is ALONE (nearest PPM star at 1099.6 arcsec).
297) Warning: OA 13825 is ALONE (nearest PPM star at 350.7 arcsec).
298) Warning: OA 13873 is ALONE (nearest PPM star at 1263.0 arcsec).
299) Warning: OA 13892 is ALONE (nearest PPM star at 709.4 arcsec).
300) Warning: OA 13990 is ALONE (nearest PPM star at 177.7 arcsec).
301) Warning: OA 14030 is ALONE (nearest PPM star at 844.9 arcsec).
302) Warning: OA 14093 is ALONE (nearest PPM star at 46.9 arcsec).
303) Warning: OA 14134 is ALONE (nearest PPM star at 48.0 arcsec).
304) Warning: OA 14170 is ALONE (nearest PPM star at 52.4 arcsec).
305) Warning: OA 14202 is ALONE (nearest PPM star at 1251.4 arcsec).
306) Warning: OA 14290 is ALONE (nearest PPM star at 603.9 arcsec).
307) Warning: OA 14291 is ALONE (nearest PPM star at 607.2 arcsec).
308) Warning: OA 14376 is ALONE (nearest PPM star at 46.3 arcsec).
309) Warning: OA 14379 is ALONE (nearest PPM star at 567.8 arcsec).
310) Warning: OA 14418 is ALONE (nearest PPM star at 808.7 arcsec).
311) Warning: OA 14443 is ALONE (nearest PPM star at 79.0 arcsec).
312) Warning: OA 14462 is ALONE (nearest PPM star at 45.7 arcsec).
313) Warning: OA 14486 is ALONE (nearest PPM star at 49.6 arcsec).
314) Warning: OA 14491 is ALONE (nearest PPM star at 46.3 arcsec).
315) Warning: OA 14492 is ALONE (nearest PPM star at 176.8 arcsec).
316) Warning: OA 14507 is ALONE (nearest PPM star at 45.2 arcsec).
317) Warning: OA 14518 is ALONE (nearest PPM star at 60.8 arcsec).
318) Warning: OA 14529 is ALONE (nearest PPM star at 52.3 arcsec).
319) Warning: OA 14539 is ALONE (nearest PPM star at 46.7 arcsec).
320) Warning: OA 14541 is ALONE (nearest PPM star at 61.7 arcsec).
321) Warning: OA 14542 is ALONE (nearest PPM star at 46.3 arcsec).
322) Warning: OA 14543 is ALONE (nearest PPM star at 45.2 arcsec).
323) Warning: OA 14566 is ALONE (nearest PPM star at 48.2 arcsec).
324) Warning: OA 14577 is ALONE (nearest PPM star at 45.8 arcsec).
325) Warning: OA 14639 is ALONE (nearest PPM star at 47.2 arcsec).
326) Warning: OA 14712 is ALONE (nearest PPM star at 46.7 arcsec).
327) Warning: OA 14713 is ALONE (nearest PPM star at 773.4 arcsec).
328) Warning: OA 14740 is ALONE (nearest PPM star at 285.9 arcsec).
329) Warning: OA 14775 is ALONE (nearest PPM star at 50.0 arcsec).
330) Warning: OA 14823 is ALONE (nearest PPM star at 48.7 arcsec).
331) Warning: OA 14923 is ALONE (nearest PPM star at 64.8 arcsec).
332) Warning: OA 14934 is ALONE (nearest PPM star at 45.9 arcsec).
333) Warning: OA 14948 is ALONE (nearest PPM star at 68.7 arcsec).
334) Warning: OA 14956 is ALONE (nearest PPM star at 45.5 arcsec).
335) Warning: OA 15010 is ALONE (nearest PPM star at 843.6 arcsec).
336) Warning: OA 15021 is ALONE (nearest PPM star at 278.9 arcsec).
337) Warning: OA 15183 is ALONE (nearest PPM star at 48.1 arcsec).
338) Warning: OA 15317 is ALONE (nearest PPM star at 82.3 arcsec).
339) Warning: OA 15365 is ALONE (nearest PPM star at 53.2 arcsec).
340) Warning: OA 15425 is ALONE (nearest PPM star at 573.3 arcsec).
341) Warning: OA 15510 is ALONE (nearest PPM star at 78.0 arcsec).
342) Warning: OA 15576 is ALONE (nearest PPM star at 111.8 arcsec).
343) Warning: OA 15609 is ALONE (nearest PPM star at 287.2 arcsec).
344) Warning: OA 15615 is ALONE (nearest PPM star at 1201.5 arcsec).
345) Warning: OA 15622 is ALONE (nearest PPM star at 289.8 arcsec).
346) Warning: OA 15637 is ALONE (nearest PPM star at 281.9 arcsec).
347) Warning: OA 15641 is ALONE (nearest PPM star at 376.5 arcsec).
348) Warning: OA 15645 is ALONE (nearest PPM star at 286.7 arcsec).
349) Warning: OA 15699 is ALONE (nearest PPM star at 299.3 arcsec).
350) Warning: OA 15762 is ALONE (nearest PPM star at 372.5 arcsec).
351) Warning: OA 15808 is ALONE (nearest PPM star at 141.3 arcsec).
352) Warning: OA 15820 is ALONE (nearest PPM star at 960.9 arcsec).
353) Warning: OA 15821 is ALONE (nearest PPM star at 960.4 arcsec).
354) Warning: OA 15914 is ALONE (nearest PPM star at 141.6 arcsec).
355) Warning: OA 16005 is ALONE (nearest PPM star at 47.1 arcsec).
356) Warning: OA 16070 is ALONE (nearest PPM star at 48.3 arcsec).
357) Warning: OA 16073 is ALONE (nearest PPM star at 47.7 arcsec).
358) Warning: OA 16103 is ALONE (nearest PPM star at 290.4 arcsec).
359) Warning: OA 16112 is ALONE (nearest PPM star at 144.5 arcsec).
360) Warning: OA 16133 is ALONE (nearest PPM star at 48.6 arcsec).
361) Warning: OA 16135 is ALONE (nearest PPM star at 281.2 arcsec).
362) Warning: OA 16136 is ALONE (nearest PPM star at 47.6 arcsec).
363) Warning: OA 16225 is ALONE (nearest PPM star at 50.8 arcsec).
364) Warning: OA 16250 is ALONE (nearest PPM star at 47.5 arcsec).
365) Warning: OA 16265 is ALONE (nearest PPM star at 500.0 arcsec).
366) Warning: OA 16333 is ALONE (nearest PPM star at 70.8 arcsec).
367) Warning: OA 16336 is ALONE (nearest PPM star at 65.7 arcsec).
368) Warning: OA 16353 is ALONE (nearest PPM star at 817.5 arcsec).
369) Warning: OA 16393 is ALONE (nearest PPM star at 351.6 arcsec).
370) Warning: OA 16405 is ALONE (nearest PPM star at 212.8 arcsec).
371) Warning: OA 16464 is ALONE (nearest PPM star at 45.2 arcsec).
372) Warning: OA 16524 is ALONE (nearest PPM star at 383.5 arcsec).
373) Warning: OA 16528 is ALONE (nearest PPM star at 83.9 arcsec).
374) Warning: OA 16579 is ALONE (nearest PPM star at 620.7 arcsec).
375) Warning: OA 16643 is ALONE (nearest PPM star at 51.6 arcsec).
376) Warning: OA 16781 is ALONE (nearest PPM star at 45.1 arcsec).
377) Warning: OA 16810 is ALONE (nearest PPM star at 46.5 arcsec).
378) Warning: OA 16861 is ALONE (nearest PPM star at 879.0 arcsec).
379) Warning: OA 16950 is ALONE (nearest PPM star at 47.1 arcsec).
380) Warning: OA 17008 is ALONE (nearest PPM star at 439.9 arcsec).
381) Warning: OA 17022 is ALONE (nearest PPM star at 49.4 arcsec).
382) Warning: OA 17043 is ALONE (nearest PPM star at 786.2 arcsec).
383) Warning: OA 17075 is ALONE (nearest PPM star at 45.3 arcsec).
384) Warning: OA 17079 is ALONE (nearest PPM star at 45.5 arcsec).
385) Warning: OA 17084 is ALONE (nearest PPM star at 596.3 arcsec).
386) Warning: OA 17085 is ALONE (nearest PPM star at 602.6 arcsec).
387) Warning: OA 17128 is ALONE (nearest PPM star at 140.5 arcsec).
388) Warning: OA 17151 is ALONE (nearest PPM star at 177.4 arcsec).
389) Warning: OA 17153 is ALONE (nearest PPM star at 666.6 arcsec).
390) Warning: OA 17210 is ALONE (nearest PPM star at 46.2 arcsec).
391) Warning: OA 17214 is ALONE (nearest PPM star at 47.8 arcsec).
392) Warning: OA 17226 is ALONE (nearest PPM star at 58.7 arcsec).
393) Warning: OA 17347 is ALONE (nearest PPM star at 1340.7 arcsec).
394) Warning: OA 17408 is ALONE (nearest PPM star at 46.5 arcsec).
395) Warning: OA 17418 is ALONE (nearest PPM star at 966.2 arcsec).
396) Warning: OA 17436 is ALONE (nearest PPM star at 1589.7 arcsec).
397) Warning: OA 17493 is ALONE (nearest PPM star at 464.8 arcsec).
398) Warning: OA 17593 is ALONE (nearest PPM star at 323.0 arcsec).
399) Warning: OA 17687 is ALONE (nearest PPM star at 271.3 arcsec).
400) Warning: OA 18169 is ALONE (nearest PPM star at 52.3 arcsec).
401) Warning: OA 18181 is ALONE (nearest PPM star at 46.7 arcsec).
402) Warning: OA 18201 is ALONE (nearest PPM star at 173.5 arcsec).
403) Warning: OA 18243 is ALONE (nearest PPM star at 150.0 arcsec).
404) Warning: OA 18328 is ALONE (nearest PPM star at 145.9 arcsec).
405) Warning: OA 18419 is ALONE (nearest PPM star at 46.4 arcsec).
406) Warning: OA 18426 is ALONE (nearest PPM star at 47.7 arcsec).
407) Warning: OA 18592 is ALONE (nearest PPM star at 275.6 arcsec).
408) Warning: OA 18604 is ALONE (nearest PPM star at 512.2 arcsec).
409) Warning: OA 18642 is ALONE (nearest PPM star at 53.0 arcsec).
410) Warning: OA 18654 is ALONE (nearest PPM star at 491.6 arcsec).
411) Warning: OA 18677 is ALONE (nearest PPM star at 48.5 arcsec).
412) Warning: OA 18931 is ALONE (nearest PPM star at 181.0 arcsec).
413) Warning: OA 18983 is ALONE (nearest PPM star at 313.8 arcsec).
414) Warning: OA 19020 is ALONE (nearest PPM star at 82.3 arcsec).
415) Warning: OA 19056 is ALONE (nearest PPM star at 755.5 arcsec).
416) Warning: OA 19069 is ALONE (nearest PPM star at 538.9 arcsec).
417) Warning: OA 19071 is ALONE (nearest PPM star at 537.6 arcsec).
418) Warning: OA 19160 is ALONE (nearest PPM star at 61.0 arcsec).
419) Warning: OA 19170 is ALONE (nearest PPM star at 273.9 arcsec).
420) Warning: OA 19199 is ALONE (nearest PPM star at 368.5 arcsec).
421) Warning: OA 19200 is ALONE (nearest PPM star at 369.6 arcsec).
422) Warning: OA 19282 is ALONE (nearest PPM star at 598.8 arcsec).
423) Warning: OA 19290 is ALONE (nearest PPM star at 438.9 arcsec).
424) Warning: OA 19305 is ALONE (nearest PPM star at 271.5 arcsec).
425) Warning: OA 19364 is ALONE (nearest PPM star at 136.1 arcsec).
426) Warning: OA 19365 is ALONE (nearest PPM star at 148.3 arcsec).
427) Warning: OA 19385 is ALONE (nearest PPM star at 69.4 arcsec).
428) Warning: OA 19506 is ALONE (nearest PPM star at 168.3 arcsec).
429) Warning: OA 19634 is ALONE (nearest PPM star at 254.8 arcsec).
430) Warning: OA 19678 is ALONE (nearest PPM star at 249.7 arcsec).
431) Warning: OA 19705 is ALONE (nearest PPM star at 408.2 arcsec).
432) Warning: OA 19817 is ALONE (nearest PPM star at 57.5 arcsec).
433) Warning: OA 19850 is ALONE (nearest PPM star at 589.1 arcsec).
434) Warning: OA 19913 is ALONE (nearest PPM star at 136.8 arcsec).
435) Warning: OA 19938 is ALONE (nearest PPM star at 164.1 arcsec).
436) Warning: OA 20045 is ALONE (nearest PPM star at 47.4 arcsec).
437) Warning: OA 20074 is ALONE (nearest PPM star at 235.3 arcsec).
438) Warning: OA 20120 is ALONE (nearest PPM star at 90.5 arcsec).
439) Warning: OA 20126 is ALONE (nearest PPM star at 104.8 arcsec).
440) Warning: OA 20159 is ALONE (nearest PPM star at 462.7 arcsec).
441) Warning: OA 20161 is ALONE (nearest PPM star at 461.1 arcsec).
442) Warning: OA 20165 is ALONE (nearest PPM star at 370.7 arcsec).
443) Warning: OA 20281 is ALONE (nearest PPM star at 48.7 arcsec).
444) Warning: OA 20401 is ALONE (nearest PPM star at 58.5 arcsec).
445) Warning: OA 20448 is ALONE (nearest PPM star at 497.3 arcsec).
446) Warning: OA 20517 is ALONE (nearest PPM star at 196.0 arcsec).
447) Warning: OA 20727 is ALONE (nearest PPM star at 249.6 arcsec).
448) Warning: OA 20826 is ALONE (nearest PPM star at 249.4 arcsec).
449) Warning: OA 20983 is ALONE (nearest PPM star at 85.1 arcsec).
450) Warning: OA 21006 is ALONE (nearest PPM star at 47.1 arcsec).
451) Warning: OA 21048 is ALONE (nearest PPM star at 104.8 arcsec).
452) Warning: OA 21063 is ALONE (nearest PPM star at 161.4 arcsec).
453) Warning: OA 21150 is ALONE (nearest PPM star at 382.1 arcsec).
454) Warning: OA 21169 is ALONE (nearest PPM star at 724.2 arcsec).
455) Warning: OA 21247 is ALONE (nearest PPM star at 125.7 arcsec).
456) Warning: OA 21248 is ALONE (nearest PPM star at 135.6 arcsec).
457) Warning: OA 21249 is ALONE (nearest PPM star at 126.2 arcsec).
458) Warning: OA 21266 is ALONE (nearest PPM star at 412.7 arcsec).
459) Warning: OA 21350 is ALONE (nearest PPM star at 47.6 arcsec).
460) Warning: OA 21353 is ALONE (nearest PPM star at 172.0 arcsec).
461) Warning: OA 21412 is ALONE (nearest PPM star at 82.8 arcsec).
462) Warning: OA 21438 is ALONE (nearest PPM star at 56.6 arcsec).
463) Warning: OA 21440 is ALONE (nearest PPM star at 723.6 arcsec).
464) Warning: OA 21458 is ALONE (nearest PPM star at 801.2 arcsec).
465) Warning: OA 21460 is ALONE (nearest PPM star at 269.7 arcsec).
466) Warning: OA 21643 is ALONE (nearest PPM star at 411.7 arcsec).
467) Warning: OA 21672 is ALONE (nearest PPM star at 552.7 arcsec).
468) Warning: OA 21698 is ALONE (nearest PPM star at 177.7 arcsec).
469) Warning: OA 21742 is ALONE (nearest PPM star at 146.6 arcsec).
470) Warning: OA 21748 is ALONE (nearest PPM star at 696.4 arcsec).
471) Warning: OA 21825 is ALONE (nearest PPM star at 538.0 arcsec).
472) Warning: OA 21901 is ALONE (nearest PPM star at 46.2 arcsec).
473) Warning: OA 21938 is ALONE (nearest PPM star at 179.3 arcsec).
474) Warning: OA 21942 is ALONE (nearest PPM star at 60.5 arcsec).
475) Warning: OA 21946 is ALONE (nearest PPM star at 218.1 arcsec).
476) Warning: OA 22083 is ALONE (nearest PPM star at 413.2 arcsec).
477) Warning: OA 22202 is ALONE (nearest PPM star at 364.5 arcsec).
478) Warning: OA 22208 is ALONE (nearest PPM star at 893.8 arcsec).
479) Warning: OA 22218 is ALONE (nearest PPM star at 771.1 arcsec).
480) Warning: OA 22226 is ALONE (nearest PPM star at 453.1 arcsec).
481) Warning: OA 22227 is ALONE (nearest PPM star at 453.9 arcsec).
482) Warning: OA 22271 is ALONE (nearest PPM star at 309.6 arcsec).
483) Warning: OA 22288 is ALONE (nearest PPM star at 265.6 arcsec).
484) Warning: OA 22356 is ALONE (nearest PPM star at 434.4 arcsec).
485) Warning: OA 22382 is ALONE (nearest PPM star at 149.5 arcsec).
486) Warning: OA 22390 is ALONE (nearest PPM star at 313.2 arcsec).
487) Warning: OA 22391 is ALONE (nearest PPM star at 306.2 arcsec).
488) Warning: OA 22422 is ALONE (nearest PPM star at 467.7 arcsec).
489) Warning: OA 22493 is ALONE (nearest PPM star at 456.7 arcsec).
490) Warning: OA 22502 is ALONE (nearest PPM star at 186.1 arcsec).
491) Warning: OA 22520 is ALONE (nearest PPM star at 553.3 arcsec).
492) Warning: OA 22565 is ALONE (nearest PPM star at 215.9 arcsec).
493) Warning: OA 22566 is ALONE (nearest PPM star at 544.6 arcsec).
494) Warning: OA 22604 is ALONE (nearest PPM star at 262.7 arcsec).
495) Warning: OA 22605 is ALONE (nearest PPM star at 264.3 arcsec).
496) Warning: OA 22606 is ALONE (nearest PPM star at 264.7 arcsec).
497) Warning: OA 22630 is ALONE (nearest PPM star at 355.0 arcsec).
498) Warning: OA 22655 is ALONE (nearest PPM star at 149.9 arcsec).
499) Warning: OA 22656 is ALONE (nearest PPM star at 149.0 arcsec).
500) Warning: OA 22664 is ALONE (nearest PPM star at 123.7 arcsec).
501) Warning: OA 22734 is ALONE (nearest PPM star at 404.9 arcsec).
502) Warning: OA 22826 is ALONE (nearest PPM star at 629.3 arcsec).
503) Warning: OA 22899 is ALONE (nearest PPM star at 377.6 arcsec).
504) Warning: OA 23090 is ALONE (nearest PPM star at 46.0 arcsec).
505) Warning: OA 23120 is ALONE (nearest PPM star at 50.3 arcsec).
506) Warning: OA 23172 is ALONE (nearest PPM star at 304.6 arcsec).
507) Warning: OA 23293 is ALONE (nearest PPM star at 136.3 arcsec).
508) Warning: OA 23298 is ALONE (nearest PPM star at 594.1 arcsec).
509) Warning: OA 23322 is ALONE (nearest PPM star at 883.4 arcsec).
510) Warning: OA 23327 is ALONE (nearest PPM star at 144.0 arcsec).
511) Warning: OA 23328 is ALONE (nearest PPM star at 199.4 arcsec).
512) Warning: OA 23440 is ALONE (nearest PPM star at 312.4 arcsec).
513) Warning: OA 23442 is ALONE (nearest PPM star at 926.3 arcsec).
514) Warning: OA 23472 is ALONE (nearest PPM star at 882.2 arcsec).
515) Warning: OA 23496 is ALONE (nearest PPM star at 219.1 arcsec).
516) Warning: OA 23497 is ALONE (nearest PPM star at 218.3 arcsec).
517) Warning: OA 23498 is ALONE (nearest PPM star at 540.0 arcsec).
518) Warning: OA 23499 is ALONE (nearest PPM star at 540.1 arcsec).
519) Warning: OA 23525 is ALONE (nearest PPM star at 67.5 arcsec).
520) Warning: OA 23582 is ALONE (nearest PPM star at 744.8 arcsec).
521) Warning: OA 23804 is ALONE (nearest PPM star at 421.4 arcsec).
522) Warning: OA 23808 is ALONE (nearest PPM star at 218.9 arcsec).
523) Warning: OA 23809 is ALONE (nearest PPM star at 219.4 arcsec).
524) Warning: OA 23876 is ALONE (nearest PPM star at 291.7 arcsec).
525) Warning: OA 24013 is ALONE (nearest PPM star at 86.1 arcsec).
526) Warning: OA 24052 is ALONE (nearest PPM star at 339.3 arcsec).
527) Warning: OA 24147 is ALONE (nearest PPM star at 351.3 arcsec).
528) Warning: OA 24148 is ALONE (nearest PPM star at 383.3 arcsec).
529) Warning: OA 24170 is ALONE (nearest PPM star at 191.9 arcsec).
530) Warning: OA 24221 is ALONE (nearest PPM star at 747.3 arcsec).
531) Warning: OA 24232 is ALONE (nearest PPM star at 177.4 arcsec).
532) Warning: OA 24309 is ALONE (nearest PPM star at 113.5 arcsec).
533) Warning: OA 24310 is ALONE (nearest PPM star at 107.6 arcsec).
534) Warning: OA 24578 is ALONE (nearest PPM star at 46.8 arcsec).
535) Warning: OA 24675 is ALONE (nearest PPM star at 316.1 arcsec).
536) Warning: OA 24784 is ALONE (nearest PPM star at 517.0 arcsec).
537) Warning: OA 24785 is ALONE (nearest PPM star at 517.2 arcsec).
538) Warning: OA 24786 is ALONE (nearest PPM star at 517.2 arcsec).
539) Warning: OA 24911 is ALONE (nearest PPM star at 66.4 arcsec).
540) Warning: OA 24915 is ALONE (nearest PPM star at 352.3 arcsec).
541) Warning: OA 25069 is ALONE (nearest PPM star at 255.8 arcsec).
542) Warning: OA 25115 is ALONE (nearest PPM star at 563.9 arcsec).
543) Warning: OA 25263 is ALONE (nearest PPM star at 57.5 arcsec).
544) Warning: OA 25304 is ALONE (nearest PPM star at 404.1 arcsec).
545) Warning: OA 25346 is ALONE (nearest PPM star at 116.7 arcsec).
546) Warning: OA 25354 is ALONE (nearest PPM star at 59.4 arcsec).
547) Warning: OA 25405 is ALONE (nearest PPM star at 511.3 arcsec).
548) Warning: OA 25439 is ALONE (nearest PPM star at 68.2 arcsec).
549) Warning: OA 25448 is ALONE (nearest PPM star at 48.7 arcsec).
550) Warning: OA 25485 is ALONE (nearest PPM star at 599.4 arcsec).
551) Warning: OA 25510 is ALONE (nearest PPM star at 370.7 arcsec).
552) Warning: OA 25520 is ALONE (nearest PPM star at 629.1 arcsec).
553) Warning: OA 25576 is ALONE (nearest PPM star at 48.2 arcsec).
554) Warning: OA 25586 is ALONE (nearest PPM star at 1119.3 arcsec).
555) Warning: OA 25587 is ALONE (nearest PPM star at 1119.9 arcsec).
556) Warning: OA 25631 is ALONE (nearest PPM star at 549.1 arcsec).
557) Warning: OA 25632 is ALONE (nearest PPM star at 305.0 arcsec).
558) Warning: OA 25633 is ALONE (nearest PPM star at 444.2 arcsec).
559) Warning: OA 25634 is ALONE (nearest PPM star at 478.1 arcsec).
560) Warning: OA 25635 is ALONE (nearest PPM star at 466.0 arcsec).
561) Warning: OA 25636 is ALONE (nearest PPM star at 343.4 arcsec).
562) Warning: OA 25637 is ALONE (nearest PPM star at 304.4 arcsec).
563) Warning: OA 25638 is ALONE (nearest PPM star at 146.5 arcsec).
564) Warning: OA 25639 is ALONE (nearest PPM star at 147.8 arcsec).
565) Warning: OA 25763 is ALONE (nearest PPM star at 97.9 arcsec).
566) Warning: OA 25772 is ALONE (nearest PPM star at 488.7 arcsec).
567) Warning: OA 26070 is ALONE (nearest PPM star at 1091.8 arcsec).
568) Warning: OA 26071 is ALONE (nearest PPM star at 1090.7 arcsec).
569) Warning: OA 26149 is ALONE (nearest PPM star at 46.7 arcsec).
570) Warning: OA 26167 is ALONE (nearest PPM star at 47.3 arcsec).
571) Warning: OA 26231 is ALONE (nearest PPM star at 362.8 arcsec).
572) Warning: OA 26378 is ALONE (nearest PPM star at 763.7 arcsec).
573) Warning: OA 26379 is ALONE (nearest PPM star at 763.3 arcsec).
Available OA stars = 26425
Stars from OA identified with PPM = 25852
RSME of distance (arcsec) = 3.73  among a total of 25852 stars
Errors logged = 573

***************************************
Check references between USNO and BD/OA...
1) Warning: U 205 is FAR from BD star (dist = 118.5 arcsec).
     Register U 205: 00h 20m 17s59 +01°07'30"9
     Register BD +1°66 (en 0h):  9.3 | 20m1.0s | 3.9'     (pag. 49)
2) Warning: U 344 is FAR from BD star (dist = 81.7 arcsec).
     Register U 344: 00h 34m 42s90 +01°01'46"7
     Register BD +0°104 (en 0h):  8.8 | 34m26.3s | 58.8'     (pag. 32)
3) Warning: U 346 is FAR from BD star (dist = 92.0 arcsec).
     Register U 346: 00h 34m 47s12 +01°57'40"6
     Register BD +1°119 (en 0h):  8.7 | 34m34.0s | 54.6'     (pag. 49)
4) Warning: U 350 is FAR from BD star (dist = 79.0 arcsec).
     Register U 350: 00h 34m 55s34 +10°03'03"6
     Register BD +10°74 (en 0h):  8.8 | 34m40.4s | 0.1'     (pag. 205)
5) Warning: U 443 is FAR from BD star (dist = 65.3 arcsec).
     Register U 443: 00h 44m 16s49 +01°37'49"1
     Register BD +1°151 (en 0h):  8.8 | 44m0.5s | 35.1'     (pag. 50)
6) Warning: U 489 is FAR from BD star (dist = 158.5 arcsec).
     Register U 489: 00h 48m 23s96 -01°33'12"2
     Register BD -1°117 (en 0h):  9.5 | 48m8.0s | 32.2'     (pag. 1)
7) Warning: U 508 is FAR from BD star (dist = 73.7 arcsec).
     Register U 508: 00h 50m 46s96 +01°43'45"3
     Register BD +1°177 (en 0h):  7.8 | 50m31.2s | 40.9'     (pag. 50)
8) Warning: U 605 is FAR from BD star (dist = 64.7 arcsec).
     Register U 605: 01h 01m 49s39 +11°56'40"6
     Register BD +11°151 (en 1h):  8.3 | 1m33.0s | 54.0'     (pag. 222)
9) Warning: U 682 is FAR from BD star (dist = 85.6 arcsec).
     Register U 682: 01h 14m 39s88 -01°05'00"0
     Register BD -1°178 (en 1h):  9.0 | 14m23.9s | 8.0'     (pag. 1)
10) Warning: U 714 is FAR from BD star (dist = 82.4 arcsec).
     Register U 714: 01h 20m 35s91 +08°18'13"9
     Register BD +8°236 (en 1h):  9.2 | 20m20.9s | 15.3'     (pag. 170)
11) Warning: U 1287 is FAR from BD star (dist = 68.9 arcsec).
     Register U 1287: 02h 47m 12s61 +08°12'05"7
     Register BD +8°445 (en 2h):  8.5 | 46m56.7s | 9.7'     (pag. 171)
12) Warning: U 1357 is FAR from OA 3458 (dist = 1199.7 arcsec).
     Register U 1357: 02h 58m 31s34 +50°37'28"1
13) Warning: U 1485 is FAR from BD star (dist = 86.5 arcsec).
     Register U 1485: 03h 21m 50s96 +09°28'16"7
     Register BD +9°442 (en 3h):  9.2 | 21m35.9s | 25.8'     (pag. 188)
14) Warning: U 2499 is FAR from BD star (dist = 62.1 arcsec).
     Register U 2499: 05h 48m 23s18 +07°22'17"9
     Register BD +7°1058 (en 5h):  9.5 | 48m5.7s | 23.2'     (pag. 155)
15) Warning: U 4947 is FAR from BD star (dist = 69.4 arcsec).
     Register U 4947: 11h 29m 37s39 +01°28'00"0
     Register BD +1°2591 (en 11h):  9.0 | 29m22.2s | 28.5'     (pag. 58)
16) Warning: U 5072 is FAR from BD star (dist = 128.0 arcsec).
     Register U 5072: 11h 46m 54s60 +01°07'15"6
     Register BD +1°2625 (en 11h):  9.3 | 46m38.6s | 6.8'     (pag. 58)
17) Warning: U 5317 is FAR from BD star (dist = 90.5 arcsec).
     Register U 5317: 12h 24m 07s23 +05°26'32"7
     Register BD +5°2636 (en 12h):  9.0 | 23m51.7s | 26.7'     (pag. 125)
18) Warning: U 5377 is FAR from BD star (dist = 92.9 arcsec).
     Register U 5377: 12h 31m 45s65 +13°37'46"9
     Register BD +13°2563 (en 12h):  9.0 | 31m27.3s | 38.1'     (pag. 265)
19) Warning: U 5565 is FAR from BD star (dist = 117.5 arcsec).
     Register U 5565: 13h 00m 42s13 +12°50'01"7
     Register BD +12°2557 (en 13h):  9.3 | 0m27.2s | 53.6'     (pag. 248)
20) Warning: U 7524 is FAR from OA 17415 (dist = 83.3 arcsec).
     Register U 7524: 17h 37m 13s63 +68°27'00"0
21) Warning: U 8089 is FAR from BD star (dist = 77.4 arcsec).
     Register U 8089: 18h 36m 07s38 -01°07'01"7
     Register BD -1°3550 (en 18h):  9.5 | 35m51.8s | 6.0'     (pag. 13)
22) Warning: U 9862 is FAR from BD star (dist = 141.8 arcsec).
     Register U 9862: 21h 47m 28s38 +03°05'33"1
     Register BD +3°4631 (en 21h):  9.5 | 47m14.1s | 1.8'     (pag. 98)
23) Warning: U 10662 is FAR from OA 25634 (dist = 524.7 arcsec).
     Register U 10662: 23h 22m 41s34 +54°21'57"0
24) Warning: U 10678 is FAR from BD star (dist = 67.5 arcsec).
     Register U 10678: 23h 24m 22s05 +15°07'00"0
     Register BD +15°4836 (en 23h):  9.5 | 24m5.3s | 6.4'     (pag. 308)
Errors logged = 24

***************************************
Check references between UA and BD...
1) Warning: 84G Mon is FAR from BD star (dist = 223.8 arcsec).
     Register 84G Mon: 06h 45m 00s +00°30.0'
     Register BD +0°1651 (en 6h):  8.5 | 44m6.7s | 28.2'     (pag. 37)
2) Warning: 23G Sera is FAR from BD star (dist = 117.7 arcsec).
     Register 23G Sera: 15h 39m 18s +01°17.1'
     Register BD +1°3125 (en 15h):  6.7 | 38m17.0s | 19.0'     (pag. 60)
3) Warning: 54G Serb is FAR from BD star (dist = 85.4 arcsec).
     Register 54G Serb: 18h 30m 40s +03°40.3'
     Register BD +3°3755 (en 18h):  7.6 | 29m41.7s | 40.8'     (pag. 95)
Errors logged = 3
